Determining if the pthread_create exist failed with the following output:
Change Dir: /home/augustin/Bureau/Depot Automate/Automate/build/CMakeFiles/CMakeTmp

Run Build Command:"/usr/bin/make" "cmTC_7bc50/fast"
/usr/bin/make -f CMakeFiles/cmTC_7bc50.dir/build.make CMakeFiles/cmTC_7bc50.dir/build
make[1] : on entre dans le répertoire « /home/augustin/Bureau/Depot Automate/Automate/build/CMakeFiles/CMakeTmp »
Building C object CMakeFiles/cmTC_7bc50.dir/CheckSymbolExists.c.o
/usr/bin/cc    -o CMakeFiles/cmTC_7bc50.dir/CheckSymbolExists.c.o   -c "/home/augustin/Bureau/Depot Automate/Automate/build/CMakeFiles/CMakeTmp/CheckSymbolExists.c"
Linking C executable cmTC_7bc50
/usr/bin/cmake -E cmake_link_script CMakeFiles/cmTC_7bc50.dir/link.txt --verbose=1
/usr/bin/cc      -rdynamic CMakeFiles/cmTC_7bc50.dir/CheckSymbolExists.c.o  -o cmTC_7bc50 
/usr/bin/ld: CMakeFiles/cmTC_7bc50.dir/CheckSymbolExists.c.o: in function `main':
CheckSymbolExists.c:(.text+0x1b): undefined reference to `pthread_create'
collect2: error: ld returned 1 exit status
make[1]: *** [CMakeFiles/cmTC_7bc50.dir/build.make:87: cmTC_7bc50] Error 1
make[1] : on quitte le répertoire « /home/augustin/Bureau/Depot Automate/Automate/build/CMakeFiles/CMakeTmp »
make: *** [Makefile:121: cmTC_7bc50/fast] Error 2

File /home/augustin/Bureau/Depot Automate/Automate/build/CMakeFiles/CMakeTmp/CheckSymbolExists.c:
/* */
#include <pthread.h>

int main(int argc, char** argv)
{
  (void)argv;
#ifndef pthread_create
  return ((int*)(&pthread_create))[argc];
#else
  (void)argc;
  return 0;
#endif
}

Determining if the function pthread_create exists in the pthreads failed with the following output:
Change Dir: /home/augustin/Bureau/Depot Automate/Automate/build/CMakeFiles/CMakeTmp

Run Build Command:"/usr/bin/make" "cmTC_65b6b/fast"
/usr/bin/make -f CMakeFiles/cmTC_65b6b.dir/build.make CMakeFiles/cmTC_65b6b.dir/build
make[1] : on entre dans le répertoire « /home/augustin/Bureau/Depot Automate/Automate/build/CMakeFiles/CMakeTmp »
Building C object CMakeFiles/cmTC_65b6b.dir/CheckFunctionExists.c.o
/usr/bin/cc   -DCHECK_FUNCTION_EXISTS=pthread_create   -o CMakeFiles/cmTC_65b6b.dir/CheckFunctionExists.c.o   -c /usr/share/cmake-3.12/Modules/CheckFunctionExists.c
Linking C executable cmTC_65b6b
/usr/bin/cmake -E cmake_link_script CMakeFiles/cmTC_65b6b.dir/link.txt --verbose=1
/usr/bin/cc  -DCHECK_FUNCTION_EXISTS=pthread_create    -rdynamic CMakeFiles/cmTC_65b6b.dir/CheckFunctionExists.c.o  -o cmTC_65b6b -lpthreads 
/usr/bin/ld : ne peut trouver -lpthreads
collect2: error: ld returned 1 exit status
make[1]: *** [CMakeFiles/cmTC_65b6b.dir/build.make:87: cmTC_65b6b] Error 1
make[1] : on quitte le répertoire « /home/augustin/Bureau/Depot Automate/Automate/build/CMakeFiles/CMakeTmp »
make: *** [Makefile:121: cmTC_65b6b/fast] Error 2


