<<<<<<< HEAD
The system is: Linux - 4.18.0-12-generic - x86_64
=======
The system is: Linux - 4.4.0-139-generic - x86_64
>>>>>>> 69e3364bf130ed31652e0c692140bba56ae22e13
Compiling the CXX compiler identification source file "CMakeCXXCompilerId.cpp" succeeded.
Compiler: /usr/bin/c++ 
Build flags: 
Id flags: 

The output was:
0


Compilation of the CXX compiler identification source "CMakeCXXCompilerId.cpp" produced "a.out"

<<<<<<< HEAD
The CXX compiler identification is GNU, found in "/home/augustin/Bureau/Depot Automate/Automate/build/CMakeFiles/3.12.1/CompilerIdCXX/a.out"
=======
The CXX compiler identification is GNU, found in "/afs/deptinfo-st.univ-fcomte.fr/users/abordy2/Bureau/TL/Automate/build/CMakeFiles/3.5.1/CompilerIdCXX/a.out"
>>>>>>> 69e3364bf130ed31652e0c692140bba56ae22e13

Compiling the C compiler identification source file "CMakeCCompilerId.c" succeeded.
Compiler: /usr/bin/cc 
Build flags: 
Id flags: 

The output was:
0


Compilation of the C compiler identification source "CMakeCCompilerId.c" produced "a.out"

<<<<<<< HEAD
The C compiler identification is GNU, found in "/home/augustin/Bureau/Depot Automate/Automate/build/CMakeFiles/3.12.1/CompilerIdC/a.out"

Determining if the CXX compiler works passed with the following output:
Change Dir: /home/augustin/Bureau/Depot Automate/Automate/build/CMakeFiles/CMakeTmp

Run Build Command:"/usr/bin/make" "cmTC_9959b/fast"
/usr/bin/make -f CMakeFiles/cmTC_9959b.dir/build.make CMakeFiles/cmTC_9959b.dir/build
make[1] : on entre dans le répertoire « /home/augustin/Bureau/Depot Automate/Automate/build/CMakeFiles/CMakeTmp »
Building CXX object CMakeFiles/cmTC_9959b.dir/testCXXCompiler.cxx.o
/usr/bin/c++     -o CMakeFiles/cmTC_9959b.dir/testCXXCompiler.cxx.o -c "/home/augustin/Bureau/Depot Automate/Automate/build/CMakeFiles/CMakeTmp/testCXXCompiler.cxx"
Linking CXX executable cmTC_9959b
/usr/bin/cmake -E cmake_link_script CMakeFiles/cmTC_9959b.dir/link.txt --verbose=1
/usr/bin/c++       -rdynamic CMakeFiles/cmTC_9959b.dir/testCXXCompiler.cxx.o  -o cmTC_9959b 
make[1] : on quitte le répertoire « /home/augustin/Bureau/Depot Automate/Automate/build/CMakeFiles/CMakeTmp »


Detecting CXX compiler ABI info compiled with the following output:
Change Dir: /home/augustin/Bureau/Depot Automate/Automate/build/CMakeFiles/CMakeTmp

Run Build Command:"/usr/bin/make" "cmTC_671b5/fast"
/usr/bin/make -f CMakeFiles/cmTC_671b5.dir/build.make CMakeFiles/cmTC_671b5.dir/build
make[1] : on entre dans le répertoire « /home/augustin/Bureau/Depot Automate/Automate/build/CMakeFiles/CMakeTmp »
Building CXX object CMakeFiles/cmTC_671b5.dir/CMakeCXXCompilerABI.cpp.o
/usr/bin/c++     -o CMakeFiles/cmTC_671b5.dir/CMakeCXXCompilerABI.cpp.o -c /usr/share/cmake-3.12/Modules/CMakeCXXCompilerABI.cpp
Linking CXX executable cmTC_671b5
/usr/bin/cmake -E cmake_link_script CMakeFiles/cmTC_671b5.dir/link.txt --verbose=1
/usr/bin/c++      -v -rdynamic CMakeFiles/cmTC_671b5.dir/CMakeCXXCompilerABI.cpp.o  -o cmTC_671b5 
Using built-in specs.
COLLECT_GCC=/usr/bin/c++
COLLECT_LTO_WRAPPER=/usr/lib/gcc/x86_64-linux-gnu/8/lto-wrapper
OFFLOAD_TARGET_NAMES=nvptx-none
OFFLOAD_TARGET_DEFAULT=1
Target: x86_64-linux-gnu
Configured with: ../src/configure -v --with-pkgversion='Ubuntu 8.2.0-7ubuntu1' --with-bugurl=file:///usr/share/doc/gcc-8/README.Bugs --enable-languages=c,ada,c++,go,brig,d,fortran,objc,obj-c++ --prefix=/usr --with-gcc-major-version-only --program-suffix=-8 --program-prefix=x86_64-linux-gnu- --enable-shared --enable-linker-build-id --libexecdir=/usr/lib --without-included-gettext --enable-threads=posix --libdir=/usr/lib --enable-nls --with-sysroot=/ --enable-clocale=gnu --enable-libstdcxx-debug --enable-libstdcxx-time=yes --with-default-libstdcxx-abi=new --enable-gnu-unique-object --disable-vtable-verify --enable-libmpx --enable-plugin --enable-default-pie --with-system-zlib --with-target-system-zlib --enable-objc-gc=auto --enable-multiarch --disable-werror --with-arch-32=i686 --with-abi=m64 --with-multilib-list=m32,m64,mx32 --enable-multilib --with-tune=generic --enable-offload-targets=nvptx-none --without-cuda-driver --enable-checking=release --build=x86_64-linux-gnu --host=x86_64-linux-gnu --target=x86_64-linux-gnu
Thread model: posix
gcc version 8.2.0 (Ubuntu 8.2.0-7ubuntu1) 
COMPILER_PATH=/usr/lib/gcc/x86_64-linux-gnu/8/:/usr/lib/gcc/x86_64-linux-gnu/8/:/usr/lib/gcc/x86_64-linux-gnu/:/usr/lib/gcc/x86_64-linux-gnu/8/:/usr/lib/gcc/x86_64-linux-gnu/
LIBRARY_PATH=/usr/lib/gcc/x86_64-linux-gnu/8/:/usr/lib/gcc/x86_64-linux-gnu/8/../../../x86_64-linux-gnu/:/usr/lib/gcc/x86_64-linux-gnu/8/../../../../lib/:/lib/x86_64-linux-gnu/:/lib/../lib/:/usr/lib/x86_64-linux-gnu/:/usr/lib/../lib/:/usr/lib/gcc/x86_64-linux-gnu/8/../../../:/lib/:/usr/lib/
COLLECT_GCC_OPTIONS='-v' '-rdynamic' '-o' 'cmTC_671b5' '-shared-libgcc' '-mtune=generic' '-march=x86-64'
 /usr/lib/gcc/x86_64-linux-gnu/8/collect2 -plugin /usr/lib/gcc/x86_64-linux-gnu/8/liblto_plugin.so -plugin-opt=/usr/lib/gcc/x86_64-linux-gnu/8/lto-wrapper -plugin-opt=-fresolution=/tmp/ccm0Mguk.res -plugin-opt=-pass-through=-lgcc_s -plugin-opt=-pass-through=-lgcc -plugin-opt=-pass-through=-lc -plugin-opt=-pass-through=-lgcc_s -plugin-opt=-pass-through=-lgcc --sysroot=/ --build-id --eh-frame-hdr -m elf_x86_64 --hash-style=gnu --as-needed -export-dynamic -dynamic-linker /lib64/ld-linux-x86-64.so.2 -pie -z now -z relro -o cmTC_671b5 /usr/lib/gcc/x86_64-linux-gnu/8/../../../x86_64-linux-gnu/Scrt1.o /usr/lib/gcc/x86_64-linux-gnu/8/../../../x86_64-linux-gnu/crti.o /usr/lib/gcc/x86_64-linux-gnu/8/crtbeginS.o -L/usr/lib/gcc/x86_64-linux-gnu/8 -L/usr/lib/gcc/x86_64-linux-gnu/8/../../../x86_64-linux-gnu -L/usr/lib/gcc/x86_64-linux-gnu/8/../../../../lib -L/lib/x86_64-linux-gnu -L/lib/../lib -L/usr/lib/x86_64-linux-gnu -L/usr/lib/../lib -L/usr/lib/gcc/x86_64-linux-gnu/8/../../.. CMakeFiles/cmTC_671b5.dir/CMakeCXXCompilerABI.cpp.o -lstdc++ -lm -lgcc_s -lgcc -lc -lgcc_s -lgcc /usr/lib/gcc/x86_64-linux-gnu/8/crtendS.o /usr/lib/gcc/x86_64-linux-gnu/8/../../../x86_64-linux-gnu/crtn.o
COLLECT_GCC_OPTIONS='-v' '-rdynamic' '-o' 'cmTC_671b5' '-shared-libgcc' '-mtune=generic' '-march=x86-64'
make[1] : on quitte le répertoire « /home/augustin/Bureau/Depot Automate/Automate/build/CMakeFiles/CMakeTmp »


Parsed CXX implicit link information from above output:
  link line regex: [^( *|.*[/\])(ld|CMAKE_LINK_STARTFILE-NOTFOUND|([^/\]+-)?ld|collect2)[^/\]*( |$)]
  ignore line: [Change Dir: /home/augustin/Bureau/Depot Automate/Automate/build/CMakeFiles/CMakeTmp]
  ignore line: []
  ignore line: [Run Build Command:"/usr/bin/make" "cmTC_671b5/fast"]
  ignore line: [/usr/bin/make -f CMakeFiles/cmTC_671b5.dir/build.make CMakeFiles/cmTC_671b5.dir/build]
  ignore line: [make[1] : on entre dans le répertoire « /home/augustin/Bureau/Depot Automate/Automate/build/CMakeFiles/CMakeTmp »]
  ignore line: [Building CXX object CMakeFiles/cmTC_671b5.dir/CMakeCXXCompilerABI.cpp.o]
  ignore line: [/usr/bin/c++     -o CMakeFiles/cmTC_671b5.dir/CMakeCXXCompilerABI.cpp.o -c /usr/share/cmake-3.12/Modules/CMakeCXXCompilerABI.cpp]
  ignore line: [Linking CXX executable cmTC_671b5]
  ignore line: [/usr/bin/cmake -E cmake_link_script CMakeFiles/cmTC_671b5.dir/link.txt --verbose=1]
  ignore line: [/usr/bin/c++      -v -rdynamic CMakeFiles/cmTC_671b5.dir/CMakeCXXCompilerABI.cpp.o  -o cmTC_671b5 ]
  ignore line: [Using built-in specs.]
  ignore line: [COLLECT_GCC=/usr/bin/c++]
  ignore line: [COLLECT_LTO_WRAPPER=/usr/lib/gcc/x86_64-linux-gnu/8/lto-wrapper]
  ignore line: [OFFLOAD_TARGET_NAMES=nvptx-none]
  ignore line: [OFFLOAD_TARGET_DEFAULT=1]
  ignore line: [Target: x86_64-linux-gnu]
  ignore line: [Configured with: ../src/configure -v --with-pkgversion='Ubuntu 8.2.0-7ubuntu1' --with-bugurl=file:///usr/share/doc/gcc-8/README.Bugs --enable-languages=c,ada,c++,go,brig,d,fortran,objc,obj-c++ --prefix=/usr --with-gcc-major-version-only --program-suffix=-8 --program-prefix=x86_64-linux-gnu- --enable-shared --enable-linker-build-id --libexecdir=/usr/lib --without-included-gettext --enable-threads=posix --libdir=/usr/lib --enable-nls --with-sysroot=/ --enable-clocale=gnu --enable-libstdcxx-debug --enable-libstdcxx-time=yes --with-default-libstdcxx-abi=new --enable-gnu-unique-object --disable-vtable-verify --enable-libmpx --enable-plugin --enable-default-pie --with-system-zlib --with-target-system-zlib --enable-objc-gc=auto --enable-multiarch --disable-werror --with-arch-32=i686 --with-abi=m64 --with-multilib-list=m32,m64,mx32 --enable-multilib --with-tune=generic --enable-offload-targets=nvptx-none --without-cuda-driver --enable-checking=release --build=x86_64-linux-gnu --host=x86_64-linux-gnu --target=x86_64-linux-gnu]
  ignore line: [Thread model: posix]
  ignore line: [gcc version 8.2.0 (Ubuntu 8.2.0-7ubuntu1) ]
  ignore line: [COMPILER_PATH=/usr/lib/gcc/x86_64-linux-gnu/8/:/usr/lib/gcc/x86_64-linux-gnu/8/:/usr/lib/gcc/x86_64-linux-gnu/:/usr/lib/gcc/x86_64-linux-gnu/8/:/usr/lib/gcc/x86_64-linux-gnu/]
  ignore line: [LIBRARY_PATH=/usr/lib/gcc/x86_64-linux-gnu/8/:/usr/lib/gcc/x86_64-linux-gnu/8/../../../x86_64-linux-gnu/:/usr/lib/gcc/x86_64-linux-gnu/8/../../../../lib/:/lib/x86_64-linux-gnu/:/lib/../lib/:/usr/lib/x86_64-linux-gnu/:/usr/lib/../lib/:/usr/lib/gcc/x86_64-linux-gnu/8/../../../:/lib/:/usr/lib/]
  ignore line: [COLLECT_GCC_OPTIONS='-v' '-rdynamic' '-o' 'cmTC_671b5' '-shared-libgcc' '-mtune=generic' '-march=x86-64']
  link line: [ /usr/lib/gcc/x86_64-linux-gnu/8/collect2 -plugin /usr/lib/gcc/x86_64-linux-gnu/8/liblto_plugin.so -plugin-opt=/usr/lib/gcc/x86_64-linux-gnu/8/lto-wrapper -plugin-opt=-fresolution=/tmp/ccm0Mguk.res -plugin-opt=-pass-through=-lgcc_s -plugin-opt=-pass-through=-lgcc -plugin-opt=-pass-through=-lc -plugin-opt=-pass-through=-lgcc_s -plugin-opt=-pass-through=-lgcc --sysroot=/ --build-id --eh-frame-hdr -m elf_x86_64 --hash-style=gnu --as-needed -export-dynamic -dynamic-linker /lib64/ld-linux-x86-64.so.2 -pie -z now -z relro -o cmTC_671b5 /usr/lib/gcc/x86_64-linux-gnu/8/../../../x86_64-linux-gnu/Scrt1.o /usr/lib/gcc/x86_64-linux-gnu/8/../../../x86_64-linux-gnu/crti.o /usr/lib/gcc/x86_64-linux-gnu/8/crtbeginS.o -L/usr/lib/gcc/x86_64-linux-gnu/8 -L/usr/lib/gcc/x86_64-linux-gnu/8/../../../x86_64-linux-gnu -L/usr/lib/gcc/x86_64-linux-gnu/8/../../../../lib -L/lib/x86_64-linux-gnu -L/lib/../lib -L/usr/lib/x86_64-linux-gnu -L/usr/lib/../lib -L/usr/lib/gcc/x86_64-linux-gnu/8/../../.. CMakeFiles/cmTC_671b5.dir/CMakeCXXCompilerABI.cpp.o -lstdc++ -lm -lgcc_s -lgcc -lc -lgcc_s -lgcc /usr/lib/gcc/x86_64-linux-gnu/8/crtendS.o /usr/lib/gcc/x86_64-linux-gnu/8/../../../x86_64-linux-gnu/crtn.o]
    arg [/usr/lib/gcc/x86_64-linux-gnu/8/collect2] ==> ignore
    arg [-plugin] ==> ignore
    arg [/usr/lib/gcc/x86_64-linux-gnu/8/liblto_plugin.so] ==> ignore
    arg [-plugin-opt=/usr/lib/gcc/x86_64-linux-gnu/8/lto-wrapper] ==> ignore
    arg [-plugin-opt=-fresolution=/tmp/ccm0Mguk.res] ==> ignore
=======
The C compiler identification is GNU, found in "/afs/deptinfo-st.univ-fcomte.fr/users/abordy2/Bureau/TL/Automate/build/CMakeFiles/3.5.1/CompilerIdC/a.out"

Determining if the CXX compiler works passed with the following output:
Change Dir: /afs/deptinfo-st.univ-fcomte.fr/users/abordy2/Bureau/TL/Automate/build/CMakeFiles/CMakeTmp

Run Build Command:"/usr/bin/make" "cmTC_eade1/fast"
/usr/bin/make -f CMakeFiles/cmTC_eade1.dir/build.make CMakeFiles/cmTC_eade1.dir/build
make[1] : on entre dans le répertoire « /afs/deptinfo-st.univ-fcomte.fr/users/abordy2/Bureau/TL/Automate/build/CMakeFiles/CMakeTmp »
Building CXX object CMakeFiles/cmTC_eade1.dir/testCXXCompiler.cxx.o
/usr/bin/c++      -o CMakeFiles/cmTC_eade1.dir/testCXXCompiler.cxx.o -c /afs/deptinfo-st.univ-fcomte.fr/users/abordy2/Bureau/TL/Automate/build/CMakeFiles/CMakeTmp/testCXXCompiler.cxx
Linking CXX executable cmTC_eade1
/usr/bin/cmake -E cmake_link_script CMakeFiles/cmTC_eade1.dir/link.txt --verbose=1
/usr/bin/c++        CMakeFiles/cmTC_eade1.dir/testCXXCompiler.cxx.o  -o cmTC_eade1 -rdynamic 
make[1] : on quitte le répertoire « /afs/deptinfo-st.univ-fcomte.fr/users/abordy2/Bureau/TL/Automate/build/CMakeFiles/CMakeTmp »


Detecting CXX compiler ABI info compiled with the following output:
Change Dir: /afs/deptinfo-st.univ-fcomte.fr/users/abordy2/Bureau/TL/Automate/build/CMakeFiles/CMakeTmp

Run Build Command:"/usr/bin/make" "cmTC_44377/fast"
/usr/bin/make -f CMakeFiles/cmTC_44377.dir/build.make CMakeFiles/cmTC_44377.dir/build
make[1] : on entre dans le répertoire « /afs/deptinfo-st.univ-fcomte.fr/users/abordy2/Bureau/TL/Automate/build/CMakeFiles/CMakeTmp »
Building CXX object CMakeFiles/cmTC_44377.dir/CMakeCXXCompilerABI.cpp.o
/usr/bin/c++      -o CMakeFiles/cmTC_44377.dir/CMakeCXXCompilerABI.cpp.o -c /usr/share/cmake-3.5/Modules/CMakeCXXCompilerABI.cpp
Linking CXX executable cmTC_44377
/usr/bin/cmake -E cmake_link_script CMakeFiles/cmTC_44377.dir/link.txt --verbose=1
/usr/bin/c++       -v CMakeFiles/cmTC_44377.dir/CMakeCXXCompilerABI.cpp.o  -o cmTC_44377 -rdynamic  
Using built-in specs.
COLLECT_GCC=/usr/bin/c++
COLLECT_LTO_WRAPPER=/usr/lib/gcc/x86_64-linux-gnu/5/lto-wrapper
Target: x86_64-linux-gnu
Configured with: ../src/configure -v --with-pkgversion='Ubuntu 5.4.0-6ubuntu1~16.04.10' --with-bugurl=file:///usr/share/doc/gcc-5/README.Bugs --enable-languages=c,ada,c++,java,go,d,fortran,objc,obj-c++ --prefix=/usr --program-suffix=-5 --enable-shared --enable-linker-build-id --libexecdir=/usr/lib --without-included-gettext --enable-threads=posix --libdir=/usr/lib --enable-nls --with-sysroot=/ --enable-clocale=gnu --enable-libstdcxx-debug --enable-libstdcxx-time=yes --with-default-libstdcxx-abi=new --enable-gnu-unique-object --disable-vtable-verify --enable-libmpx --enable-plugin --with-system-zlib --disable-browser-plugin --enable-java-awt=gtk --enable-gtk-cairo --with-java-home=/usr/lib/jvm/java-1.5.0-gcj-5-amd64/jre --enable-java-home --with-jvm-root-dir=/usr/lib/jvm/java-1.5.0-gcj-5-amd64 --with-jvm-jar-dir=/usr/lib/jvm-exports/java-1.5.0-gcj-5-amd64 --with-arch-directory=amd64 --with-ecj-jar=/usr/share/java/eclipse-ecj.jar --enable-objc-gc --enable-multiarch --disable-werror --with-arch-32=i686 --with-abi=m64 --with-multilib-list=m32,m64,mx32 --enable-multilib --with-tune=generic --enable-checking=release --build=x86_64-linux-gnu --host=x86_64-linux-gnu --target=x86_64-linux-gnu
Thread model: posix
gcc version 5.4.0 20160609 (Ubuntu 5.4.0-6ubuntu1~16.04.10) 
COMPILER_PATH=/usr/lib/gcc/x86_64-linux-gnu/5/:/usr/lib/gcc/x86_64-linux-gnu/5/:/usr/lib/gcc/x86_64-linux-gnu/:/usr/lib/gcc/x86_64-linux-gnu/5/:/usr/lib/gcc/x86_64-linux-gnu/
LIBRARY_PATH=/usr/lib/gcc/x86_64-linux-gnu/5/:/usr/lib/gcc/x86_64-linux-gnu/5/../../../x86_64-linux-gnu/:/usr/lib/gcc/x86_64-linux-gnu/5/../../../../lib/:/lib/x86_64-linux-gnu/:/lib/../lib/:/usr/lib/x86_64-linux-gnu/:/usr/lib/../lib/:/usr/lib/gcc/x86_64-linux-gnu/5/../../../:/lib/:/usr/lib/
COLLECT_GCC_OPTIONS='-v' '-o' 'cmTC_44377' '-rdynamic' '-shared-libgcc' '-mtune=generic' '-march=x86-64'
 /usr/lib/gcc/x86_64-linux-gnu/5/collect2 -plugin /usr/lib/gcc/x86_64-linux-gnu/5/liblto_plugin.so -plugin-opt=/usr/lib/gcc/x86_64-linux-gnu/5/lto-wrapper -plugin-opt=-fresolution=/tmp/ccQzIwls.res -plugin-opt=-pass-through=-lgcc_s -plugin-opt=-pass-through=-lgcc -plugin-opt=-pass-through=-lc -plugin-opt=-pass-through=-lgcc_s -plugin-opt=-pass-through=-lgcc --sysroot=/ --build-id --eh-frame-hdr -m elf_x86_64 --hash-style=gnu --as-needed -export-dynamic -dynamic-linker /lib64/ld-linux-x86-64.so.2 -z relro -o cmTC_44377 /usr/lib/gcc/x86_64-linux-gnu/5/../../../x86_64-linux-gnu/crt1.o /usr/lib/gcc/x86_64-linux-gnu/5/../../../x86_64-linux-gnu/crti.o /usr/lib/gcc/x86_64-linux-gnu/5/crtbegin.o -L/usr/lib/gcc/x86_64-linux-gnu/5 -L/usr/lib/gcc/x86_64-linux-gnu/5/../../../x86_64-linux-gnu -L/usr/lib/gcc/x86_64-linux-gnu/5/../../../../lib -L/lib/x86_64-linux-gnu -L/lib/../lib -L/usr/lib/x86_64-linux-gnu -L/usr/lib/../lib -L/usr/lib/gcc/x86_64-linux-gnu/5/../../.. CMakeFiles/cmTC_44377.dir/CMakeCXXCompilerABI.cpp.o -lstdc++ -lm -lgcc_s -lgcc -lc -lgcc_s -lgcc /usr/lib/gcc/x86_64-linux-gnu/5/crtend.o /usr/lib/gcc/x86_64-linux-gnu/5/../../../x86_64-linux-gnu/crtn.o
make[1] : on quitte le répertoire « /afs/deptinfo-st.univ-fcomte.fr/users/abordy2/Bureau/TL/Automate/build/CMakeFiles/CMakeTmp »


Parsed CXX implicit link information from above output:
  link line regex: [^( *|.*[/\])(ld|([^/\]+-)?ld|collect2)[^/\]*( |$)]
  ignore line: [Change Dir: /afs/deptinfo-st.univ-fcomte.fr/users/abordy2/Bureau/TL/Automate/build/CMakeFiles/CMakeTmp]
  ignore line: []
  ignore line: [Run Build Command:"/usr/bin/make" "cmTC_44377/fast"]
  ignore line: [/usr/bin/make -f CMakeFiles/cmTC_44377.dir/build.make CMakeFiles/cmTC_44377.dir/build]
  ignore line: [make[1] : on entre dans le répertoire « /afs/deptinfo-st.univ-fcomte.fr/users/abordy2/Bureau/TL/Automate/build/CMakeFiles/CMakeTmp »]
  ignore line: [Building CXX object CMakeFiles/cmTC_44377.dir/CMakeCXXCompilerABI.cpp.o]
  ignore line: [/usr/bin/c++      -o CMakeFiles/cmTC_44377.dir/CMakeCXXCompilerABI.cpp.o -c /usr/share/cmake-3.5/Modules/CMakeCXXCompilerABI.cpp]
  ignore line: [Linking CXX executable cmTC_44377]
  ignore line: [/usr/bin/cmake -E cmake_link_script CMakeFiles/cmTC_44377.dir/link.txt --verbose=1]
  ignore line: [/usr/bin/c++       -v CMakeFiles/cmTC_44377.dir/CMakeCXXCompilerABI.cpp.o  -o cmTC_44377 -rdynamic  ]
  ignore line: [Using built-in specs.]
  ignore line: [COLLECT_GCC=/usr/bin/c++]
  ignore line: [COLLECT_LTO_WRAPPER=/usr/lib/gcc/x86_64-linux-gnu/5/lto-wrapper]
  ignore line: [Target: x86_64-linux-gnu]
  ignore line: [Configured with: ../src/configure -v --with-pkgversion='Ubuntu 5.4.0-6ubuntu1~16.04.10' --with-bugurl=file:///usr/share/doc/gcc-5/README.Bugs --enable-languages=c,ada,c++,java,go,d,fortran,objc,obj-c++ --prefix=/usr --program-suffix=-5 --enable-shared --enable-linker-build-id --libexecdir=/usr/lib --without-included-gettext --enable-threads=posix --libdir=/usr/lib --enable-nls --with-sysroot=/ --enable-clocale=gnu --enable-libstdcxx-debug --enable-libstdcxx-time=yes --with-default-libstdcxx-abi=new --enable-gnu-unique-object --disable-vtable-verify --enable-libmpx --enable-plugin --with-system-zlib --disable-browser-plugin --enable-java-awt=gtk --enable-gtk-cairo --with-java-home=/usr/lib/jvm/java-1.5.0-gcj-5-amd64/jre --enable-java-home --with-jvm-root-dir=/usr/lib/jvm/java-1.5.0-gcj-5-amd64 --with-jvm-jar-dir=/usr/lib/jvm-exports/java-1.5.0-gcj-5-amd64 --with-arch-directory=amd64 --with-ecj-jar=/usr/share/java/eclipse-ecj.jar --enable-objc-gc --enable-multiarch --disable-werror --with-arch-32=i686 --with-abi=m64 --with-multilib-list=m32,m64,mx32 --enable-multilib --with-tune=generic --enable-checking=release --build=x86_64-linux-gnu --host=x86_64-linux-gnu --target=x86_64-linux-gnu]
  ignore line: [Thread model: posix]
  ignore line: [gcc version 5.4.0 20160609 (Ubuntu 5.4.0-6ubuntu1~16.04.10) ]
  ignore line: [COMPILER_PATH=/usr/lib/gcc/x86_64-linux-gnu/5/:/usr/lib/gcc/x86_64-linux-gnu/5/:/usr/lib/gcc/x86_64-linux-gnu/:/usr/lib/gcc/x86_64-linux-gnu/5/:/usr/lib/gcc/x86_64-linux-gnu/]
  ignore line: [LIBRARY_PATH=/usr/lib/gcc/x86_64-linux-gnu/5/:/usr/lib/gcc/x86_64-linux-gnu/5/../../../x86_64-linux-gnu/:/usr/lib/gcc/x86_64-linux-gnu/5/../../../../lib/:/lib/x86_64-linux-gnu/:/lib/../lib/:/usr/lib/x86_64-linux-gnu/:/usr/lib/../lib/:/usr/lib/gcc/x86_64-linux-gnu/5/../../../:/lib/:/usr/lib/]
  ignore line: [COLLECT_GCC_OPTIONS='-v' '-o' 'cmTC_44377' '-rdynamic' '-shared-libgcc' '-mtune=generic' '-march=x86-64']
  link line: [ /usr/lib/gcc/x86_64-linux-gnu/5/collect2 -plugin /usr/lib/gcc/x86_64-linux-gnu/5/liblto_plugin.so -plugin-opt=/usr/lib/gcc/x86_64-linux-gnu/5/lto-wrapper -plugin-opt=-fresolution=/tmp/ccQzIwls.res -plugin-opt=-pass-through=-lgcc_s -plugin-opt=-pass-through=-lgcc -plugin-opt=-pass-through=-lc -plugin-opt=-pass-through=-lgcc_s -plugin-opt=-pass-through=-lgcc --sysroot=/ --build-id --eh-frame-hdr -m elf_x86_64 --hash-style=gnu --as-needed -export-dynamic -dynamic-linker /lib64/ld-linux-x86-64.so.2 -z relro -o cmTC_44377 /usr/lib/gcc/x86_64-linux-gnu/5/../../../x86_64-linux-gnu/crt1.o /usr/lib/gcc/x86_64-linux-gnu/5/../../../x86_64-linux-gnu/crti.o /usr/lib/gcc/x86_64-linux-gnu/5/crtbegin.o -L/usr/lib/gcc/x86_64-linux-gnu/5 -L/usr/lib/gcc/x86_64-linux-gnu/5/../../../x86_64-linux-gnu -L/usr/lib/gcc/x86_64-linux-gnu/5/../../../../lib -L/lib/x86_64-linux-gnu -L/lib/../lib -L/usr/lib/x86_64-linux-gnu -L/usr/lib/../lib -L/usr/lib/gcc/x86_64-linux-gnu/5/../../.. CMakeFiles/cmTC_44377.dir/CMakeCXXCompilerABI.cpp.o -lstdc++ -lm -lgcc_s -lgcc -lc -lgcc_s -lgcc /usr/lib/gcc/x86_64-linux-gnu/5/crtend.o /usr/lib/gcc/x86_64-linux-gnu/5/../../../x86_64-linux-gnu/crtn.o]
    arg [/usr/lib/gcc/x86_64-linux-gnu/5/collect2] ==> ignore
    arg [-plugin] ==> ignore
    arg [/usr/lib/gcc/x86_64-linux-gnu/5/liblto_plugin.so] ==> ignore
    arg [-plugin-opt=/usr/lib/gcc/x86_64-linux-gnu/5/lto-wrapper] ==> ignore
    arg [-plugin-opt=-fresolution=/tmp/ccQzIwls.res] ==> ignore
>>>>>>> 69e3364bf130ed31652e0c692140bba56ae22e13
    arg [-plugin-opt=-pass-through=-lgcc_s] ==> ignore
    arg [-plugin-opt=-pass-through=-lgcc] ==> ignore
    arg [-plugin-opt=-pass-through=-lc] ==> ignore
    arg [-plugin-opt=-pass-through=-lgcc_s] ==> ignore
    arg [-plugin-opt=-pass-through=-lgcc] ==> ignore
    arg [--sysroot=/] ==> ignore
    arg [--build-id] ==> ignore
    arg [--eh-frame-hdr] ==> ignore
    arg [-m] ==> ignore
    arg [elf_x86_64] ==> ignore
    arg [--hash-style=gnu] ==> ignore
    arg [--as-needed] ==> ignore
    arg [-export-dynamic] ==> ignore
    arg [-dynamic-linker] ==> ignore
    arg [/lib64/ld-linux-x86-64.so.2] ==> ignore
<<<<<<< HEAD
    arg [-pie] ==> ignore
    arg [-znow] ==> ignore
    arg [-zrelro] ==> ignore
    arg [-o] ==> ignore
    arg [cmTC_671b5] ==> ignore
    arg [/usr/lib/gcc/x86_64-linux-gnu/8/../../../x86_64-linux-gnu/Scrt1.o] ==> ignore
    arg [/usr/lib/gcc/x86_64-linux-gnu/8/../../../x86_64-linux-gnu/crti.o] ==> ignore
    arg [/usr/lib/gcc/x86_64-linux-gnu/8/crtbeginS.o] ==> ignore
    arg [-L/usr/lib/gcc/x86_64-linux-gnu/8] ==> dir [/usr/lib/gcc/x86_64-linux-gnu/8]
    arg [-L/usr/lib/gcc/x86_64-linux-gnu/8/../../../x86_64-linux-gnu] ==> dir [/usr/lib/gcc/x86_64-linux-gnu/8/../../../x86_64-linux-gnu]
    arg [-L/usr/lib/gcc/x86_64-linux-gnu/8/../../../../lib] ==> dir [/usr/lib/gcc/x86_64-linux-gnu/8/../../../../lib]
=======
    arg [-zrelro] ==> ignore
    arg [-o] ==> ignore
    arg [cmTC_44377] ==> ignore
    arg [/usr/lib/gcc/x86_64-linux-gnu/5/../../../x86_64-linux-gnu/crt1.o] ==> ignore
    arg [/usr/lib/gcc/x86_64-linux-gnu/5/../../../x86_64-linux-gnu/crti.o] ==> ignore
    arg [/usr/lib/gcc/x86_64-linux-gnu/5/crtbegin.o] ==> ignore
    arg [-L/usr/lib/gcc/x86_64-linux-gnu/5] ==> dir [/usr/lib/gcc/x86_64-linux-gnu/5]
    arg [-L/usr/lib/gcc/x86_64-linux-gnu/5/../../../x86_64-linux-gnu] ==> dir [/usr/lib/gcc/x86_64-linux-gnu/5/../../../x86_64-linux-gnu]
    arg [-L/usr/lib/gcc/x86_64-linux-gnu/5/../../../../lib] ==> dir [/usr/lib/gcc/x86_64-linux-gnu/5/../../../../lib]
>>>>>>> 69e3364bf130ed31652e0c692140bba56ae22e13
    arg [-L/lib/x86_64-linux-gnu] ==> dir [/lib/x86_64-linux-gnu]
    arg [-L/lib/../lib] ==> dir [/lib/../lib]
    arg [-L/usr/lib/x86_64-linux-gnu] ==> dir [/usr/lib/x86_64-linux-gnu]
    arg [-L/usr/lib/../lib] ==> dir [/usr/lib/../lib]
<<<<<<< HEAD
    arg [-L/usr/lib/gcc/x86_64-linux-gnu/8/../../..] ==> dir [/usr/lib/gcc/x86_64-linux-gnu/8/../../..]
    arg [CMakeFiles/cmTC_671b5.dir/CMakeCXXCompilerABI.cpp.o] ==> ignore
=======
    arg [-L/usr/lib/gcc/x86_64-linux-gnu/5/../../..] ==> dir [/usr/lib/gcc/x86_64-linux-gnu/5/../../..]
    arg [CMakeFiles/cmTC_44377.dir/CMakeCXXCompilerABI.cpp.o] ==> ignore
>>>>>>> 69e3364bf130ed31652e0c692140bba56ae22e13
    arg [-lstdc++] ==> lib [stdc++]
    arg [-lm] ==> lib [m]
    arg [-lgcc_s] ==> lib [gcc_s]
    arg [-lgcc] ==> lib [gcc]
    arg [-lc] ==> lib [c]
    arg [-lgcc_s] ==> lib [gcc_s]
    arg [-lgcc] ==> lib [gcc]
<<<<<<< HEAD
    arg [/usr/lib/gcc/x86_64-linux-gnu/8/crtendS.o] ==> ignore
    arg [/usr/lib/gcc/x86_64-linux-gnu/8/../../../x86_64-linux-gnu/crtn.o] ==> ignore
  collapse library dir [/usr/lib/gcc/x86_64-linux-gnu/8] ==> [/usr/lib/gcc/x86_64-linux-gnu/8]
  collapse library dir [/usr/lib/gcc/x86_64-linux-gnu/8/../../../x86_64-linux-gnu] ==> [/usr/lib/x86_64-linux-gnu]
  collapse library dir [/usr/lib/gcc/x86_64-linux-gnu/8/../../../../lib] ==> [/usr/lib]
=======
    arg [/usr/lib/gcc/x86_64-linux-gnu/5/crtend.o] ==> ignore
    arg [/usr/lib/gcc/x86_64-linux-gnu/5/../../../x86_64-linux-gnu/crtn.o] ==> ignore
  remove lib [gcc_s]
  remove lib [gcc]
  remove lib [gcc_s]
  remove lib [gcc]
  collapse library dir [/usr/lib/gcc/x86_64-linux-gnu/5] ==> [/usr/lib/gcc/x86_64-linux-gnu/5]
  collapse library dir [/usr/lib/gcc/x86_64-linux-gnu/5/../../../x86_64-linux-gnu] ==> [/usr/lib/x86_64-linux-gnu]
  collapse library dir [/usr/lib/gcc/x86_64-linux-gnu/5/../../../../lib] ==> [/usr/lib]
>>>>>>> 69e3364bf130ed31652e0c692140bba56ae22e13
  collapse library dir [/lib/x86_64-linux-gnu] ==> [/lib/x86_64-linux-gnu]
  collapse library dir [/lib/../lib] ==> [/lib]
  collapse library dir [/usr/lib/x86_64-linux-gnu] ==> [/usr/lib/x86_64-linux-gnu]
  collapse library dir [/usr/lib/../lib] ==> [/usr/lib]
<<<<<<< HEAD
  collapse library dir [/usr/lib/gcc/x86_64-linux-gnu/8/../../..] ==> [/usr/lib]
  implicit libs: [stdc++;m;gcc_s;gcc;c;gcc_s;gcc]
  implicit dirs: [/usr/lib/gcc/x86_64-linux-gnu/8;/usr/lib/x86_64-linux-gnu;/usr/lib;/lib/x86_64-linux-gnu;/lib]
  implicit fwks: []




Detecting CXX [-std=c++2a] compiler features compiled with the following output:
Change Dir: /home/augustin/Bureau/Depot Automate/Automate/build/CMakeFiles/CMakeTmp

Run Build Command:"/usr/bin/make" "cmTC_8f91c/fast"
/usr/bin/make -f CMakeFiles/cmTC_8f91c.dir/build.make CMakeFiles/cmTC_8f91c.dir/build
make[1] : on entre dans le répertoire « /home/augustin/Bureau/Depot Automate/Automate/build/CMakeFiles/CMakeTmp »
Building CXX object CMakeFiles/cmTC_8f91c.dir/feature_tests.cxx.o
/usr/bin/c++    -std=c++2a -o CMakeFiles/cmTC_8f91c.dir/feature_tests.cxx.o -c "/home/augustin/Bureau/Depot Automate/Automate/build/CMakeFiles/feature_tests.cxx"
Linking CXX executable cmTC_8f91c
/usr/bin/cmake -E cmake_link_script CMakeFiles/cmTC_8f91c.dir/link.txt --verbose=1
/usr/bin/c++       -rdynamic CMakeFiles/cmTC_8f91c.dir/feature_tests.cxx.o  -o cmTC_8f91c 
make[1] : on quitte le répertoire « /home/augustin/Bureau/Depot Automate/Automate/build/CMakeFiles/CMakeTmp »


    Feature record: CXX_FEATURE:1cxx_aggregate_default_initializers
    Feature record: CXX_FEATURE:1cxx_alias_templates
    Feature record: CXX_FEATURE:1cxx_alignas
    Feature record: CXX_FEATURE:1cxx_alignof
    Feature record: CXX_FEATURE:1cxx_attributes
    Feature record: CXX_FEATURE:1cxx_attribute_deprecated
    Feature record: CXX_FEATURE:1cxx_auto_type
    Feature record: CXX_FEATURE:1cxx_binary_literals
    Feature record: CXX_FEATURE:1cxx_constexpr
    Feature record: CXX_FEATURE:1cxx_contextual_conversions
    Feature record: CXX_FEATURE:1cxx_decltype
    Feature record: CXX_FEATURE:1cxx_decltype_auto
    Feature record: CXX_FEATURE:1cxx_decltype_incomplete_return_types
    Feature record: CXX_FEATURE:1cxx_default_function_template_args
    Feature record: CXX_FEATURE:1cxx_defaulted_functions
    Feature record: CXX_FEATURE:1cxx_defaulted_move_initializers
    Feature record: CXX_FEATURE:1cxx_delegating_constructors
    Feature record: CXX_FEATURE:1cxx_deleted_functions
    Feature record: CXX_FEATURE:1cxx_digit_separators
    Feature record: CXX_FEATURE:1cxx_enum_forward_declarations
    Feature record: CXX_FEATURE:1cxx_explicit_conversions
    Feature record: CXX_FEATURE:1cxx_extended_friend_declarations
    Feature record: CXX_FEATURE:1cxx_extern_templates
    Feature record: CXX_FEATURE:1cxx_final
    Feature record: CXX_FEATURE:1cxx_func_identifier
    Feature record: CXX_FEATURE:1cxx_generalized_initializers
    Feature record: CXX_FEATURE:1cxx_generic_lambdas
    Feature record: CXX_FEATURE:1cxx_inheriting_constructors
    Feature record: CXX_FEATURE:1cxx_inline_namespaces
    Feature record: CXX_FEATURE:1cxx_lambdas
    Feature record: CXX_FEATURE:1cxx_lambda_init_captures
    Feature record: CXX_FEATURE:1cxx_local_type_template_args
    Feature record: CXX_FEATURE:1cxx_long_long_type
    Feature record: CXX_FEATURE:1cxx_noexcept
    Feature record: CXX_FEATURE:1cxx_nonstatic_member_init
    Feature record: CXX_FEATURE:1cxx_nullptr
    Feature record: CXX_FEATURE:1cxx_override
    Feature record: CXX_FEATURE:1cxx_range_for
    Feature record: CXX_FEATURE:1cxx_raw_string_literals
    Feature record: CXX_FEATURE:1cxx_reference_qualified_functions
    Feature record: CXX_FEATURE:1cxx_relaxed_constexpr
    Feature record: CXX_FEATURE:1cxx_return_type_deduction
    Feature record: CXX_FEATURE:1cxx_right_angle_brackets
    Feature record: CXX_FEATURE:1cxx_rvalue_references
    Feature record: CXX_FEATURE:1cxx_sizeof_member
    Feature record: CXX_FEATURE:1cxx_static_assert
    Feature record: CXX_FEATURE:1cxx_strong_enums
    Feature record: CXX_FEATURE:1cxx_template_template_parameters
    Feature record: CXX_FEATURE:1cxx_thread_local
    Feature record: CXX_FEATURE:1cxx_trailing_return_types
    Feature record: CXX_FEATURE:1cxx_unicode_literals
    Feature record: CXX_FEATURE:1cxx_uniform_initialization
    Feature record: CXX_FEATURE:1cxx_unrestricted_unions
    Feature record: CXX_FEATURE:1cxx_user_literals
    Feature record: CXX_FEATURE:1cxx_variable_templates
    Feature record: CXX_FEATURE:1cxx_variadic_macros
    Feature record: CXX_FEATURE:1cxx_variadic_templates


Detecting CXX [-std=c++17] compiler features compiled with the following output:
Change Dir: /home/augustin/Bureau/Depot Automate/Automate/build/CMakeFiles/CMakeTmp

Run Build Command:"/usr/bin/make" "cmTC_48522/fast"
/usr/bin/make -f CMakeFiles/cmTC_48522.dir/build.make CMakeFiles/cmTC_48522.dir/build
make[1] : on entre dans le répertoire « /home/augustin/Bureau/Depot Automate/Automate/build/CMakeFiles/CMakeTmp »
Building CXX object CMakeFiles/cmTC_48522.dir/feature_tests.cxx.o
/usr/bin/c++    -std=c++17 -o CMakeFiles/cmTC_48522.dir/feature_tests.cxx.o -c "/home/augustin/Bureau/Depot Automate/Automate/build/CMakeFiles/feature_tests.cxx"
Linking CXX executable cmTC_48522
/usr/bin/cmake -E cmake_link_script CMakeFiles/cmTC_48522.dir/link.txt --verbose=1
/usr/bin/c++       -rdynamic CMakeFiles/cmTC_48522.dir/feature_tests.cxx.o  -o cmTC_48522 
make[1] : on quitte le répertoire « /home/augustin/Bureau/Depot Automate/Automate/build/CMakeFiles/CMakeTmp »
=======
  collapse library dir [/usr/lib/gcc/x86_64-linux-gnu/5/../../..] ==> [/usr/lib]
  implicit libs: [stdc++;m;c]
  implicit dirs: [/usr/lib/gcc/x86_64-linux-gnu/5;/usr/lib/x86_64-linux-gnu;/usr/lib;/lib/x86_64-linux-gnu;/lib]
  implicit fwks: []
>>>>>>> 69e3364bf130ed31652e0c692140bba56ae22e13




Detecting CXX [-std=c++14] compiler features compiled with the following output:
<<<<<<< HEAD
Change Dir: /home/augustin/Bureau/Depot Automate/Automate/build/CMakeFiles/CMakeTmp

Run Build Command:"/usr/bin/make" "cmTC_1e9be/fast"
/usr/bin/make -f CMakeFiles/cmTC_1e9be.dir/build.make CMakeFiles/cmTC_1e9be.dir/build
make[1] : on entre dans le répertoire « /home/augustin/Bureau/Depot Automate/Automate/build/CMakeFiles/CMakeTmp »
Building CXX object CMakeFiles/cmTC_1e9be.dir/feature_tests.cxx.o
/usr/bin/c++    -std=c++14 -o CMakeFiles/cmTC_1e9be.dir/feature_tests.cxx.o -c "/home/augustin/Bureau/Depot Automate/Automate/build/CMakeFiles/feature_tests.cxx"
Linking CXX executable cmTC_1e9be
/usr/bin/cmake -E cmake_link_script CMakeFiles/cmTC_1e9be.dir/link.txt --verbose=1
/usr/bin/c++       -rdynamic CMakeFiles/cmTC_1e9be.dir/feature_tests.cxx.o  -o cmTC_1e9be 
make[1] : on quitte le répertoire « /home/augustin/Bureau/Depot Automate/Automate/build/CMakeFiles/CMakeTmp »
=======
Change Dir: /afs/deptinfo-st.univ-fcomte.fr/users/abordy2/Bureau/TL/Automate/build/CMakeFiles/CMakeTmp

Run Build Command:"/usr/bin/make" "cmTC_7046c/fast"
/usr/bin/make -f CMakeFiles/cmTC_7046c.dir/build.make CMakeFiles/cmTC_7046c.dir/build
make[1] : on entre dans le répertoire « /afs/deptinfo-st.univ-fcomte.fr/users/abordy2/Bureau/TL/Automate/build/CMakeFiles/CMakeTmp »
Building CXX object CMakeFiles/cmTC_7046c.dir/feature_tests.cxx.o
/usr/bin/c++     -std=c++14 -o CMakeFiles/cmTC_7046c.dir/feature_tests.cxx.o -c /afs/deptinfo-st.univ-fcomte.fr/users/abordy2/Bureau/TL/Automate/build/CMakeFiles/feature_tests.cxx
Linking CXX executable cmTC_7046c
/usr/bin/cmake -E cmake_link_script CMakeFiles/cmTC_7046c.dir/link.txt --verbose=1
/usr/bin/c++        CMakeFiles/cmTC_7046c.dir/feature_tests.cxx.o  -o cmTC_7046c -rdynamic 
make[1] : on quitte le répertoire « /afs/deptinfo-st.univ-fcomte.fr/users/abordy2/Bureau/TL/Automate/build/CMakeFiles/CMakeTmp »
>>>>>>> 69e3364bf130ed31652e0c692140bba56ae22e13


    Feature record: CXX_FEATURE:1cxx_aggregate_default_initializers
    Feature record: CXX_FEATURE:1cxx_alias_templates
    Feature record: CXX_FEATURE:1cxx_alignas
    Feature record: CXX_FEATURE:1cxx_alignof
    Feature record: CXX_FEATURE:1cxx_attributes
    Feature record: CXX_FEATURE:1cxx_attribute_deprecated
    Feature record: CXX_FEATURE:1cxx_auto_type
    Feature record: CXX_FEATURE:1cxx_binary_literals
    Feature record: CXX_FEATURE:1cxx_constexpr
    Feature record: CXX_FEATURE:1cxx_contextual_conversions
    Feature record: CXX_FEATURE:1cxx_decltype
    Feature record: CXX_FEATURE:1cxx_decltype_auto
    Feature record: CXX_FEATURE:1cxx_decltype_incomplete_return_types
    Feature record: CXX_FEATURE:1cxx_default_function_template_args
    Feature record: CXX_FEATURE:1cxx_defaulted_functions
    Feature record: CXX_FEATURE:1cxx_defaulted_move_initializers
    Feature record: CXX_FEATURE:1cxx_delegating_constructors
    Feature record: CXX_FEATURE:1cxx_deleted_functions
    Feature record: CXX_FEATURE:1cxx_digit_separators
    Feature record: CXX_FEATURE:1cxx_enum_forward_declarations
    Feature record: CXX_FEATURE:1cxx_explicit_conversions
    Feature record: CXX_FEATURE:1cxx_extended_friend_declarations
    Feature record: CXX_FEATURE:1cxx_extern_templates
    Feature record: CXX_FEATURE:1cxx_final
    Feature record: CXX_FEATURE:1cxx_func_identifier
    Feature record: CXX_FEATURE:1cxx_generalized_initializers
    Feature record: CXX_FEATURE:1cxx_generic_lambdas
    Feature record: CXX_FEATURE:1cxx_inheriting_constructors
    Feature record: CXX_FEATURE:1cxx_inline_namespaces
    Feature record: CXX_FEATURE:1cxx_lambdas
    Feature record: CXX_FEATURE:1cxx_lambda_init_captures
    Feature record: CXX_FEATURE:1cxx_local_type_template_args
    Feature record: CXX_FEATURE:1cxx_long_long_type
    Feature record: CXX_FEATURE:1cxx_noexcept
    Feature record: CXX_FEATURE:1cxx_nonstatic_member_init
    Feature record: CXX_FEATURE:1cxx_nullptr
    Feature record: CXX_FEATURE:1cxx_override
    Feature record: CXX_FEATURE:1cxx_range_for
    Feature record: CXX_FEATURE:1cxx_raw_string_literals
    Feature record: CXX_FEATURE:1cxx_reference_qualified_functions
    Feature record: CXX_FEATURE:1cxx_relaxed_constexpr
    Feature record: CXX_FEATURE:1cxx_return_type_deduction
    Feature record: CXX_FEATURE:1cxx_right_angle_brackets
    Feature record: CXX_FEATURE:1cxx_rvalue_references
    Feature record: CXX_FEATURE:1cxx_sizeof_member
    Feature record: CXX_FEATURE:1cxx_static_assert
    Feature record: CXX_FEATURE:1cxx_strong_enums
    Feature record: CXX_FEATURE:1cxx_template_template_parameters
    Feature record: CXX_FEATURE:1cxx_thread_local
    Feature record: CXX_FEATURE:1cxx_trailing_return_types
    Feature record: CXX_FEATURE:1cxx_unicode_literals
    Feature record: CXX_FEATURE:1cxx_uniform_initialization
    Feature record: CXX_FEATURE:1cxx_unrestricted_unions
    Feature record: CXX_FEATURE:1cxx_user_literals
    Feature record: CXX_FEATURE:1cxx_variable_templates
    Feature record: CXX_FEATURE:1cxx_variadic_macros
    Feature record: CXX_FEATURE:1cxx_variadic_templates


Detecting CXX [-std=c++11] compiler features compiled with the following output:
<<<<<<< HEAD
Change Dir: /home/augustin/Bureau/Depot Automate/Automate/build/CMakeFiles/CMakeTmp

Run Build Command:"/usr/bin/make" "cmTC_bec22/fast"
/usr/bin/make -f CMakeFiles/cmTC_bec22.dir/build.make CMakeFiles/cmTC_bec22.dir/build
make[1] : on entre dans le répertoire « /home/augustin/Bureau/Depot Automate/Automate/build/CMakeFiles/CMakeTmp »
Building CXX object CMakeFiles/cmTC_bec22.dir/feature_tests.cxx.o
/usr/bin/c++    -std=c++11 -o CMakeFiles/cmTC_bec22.dir/feature_tests.cxx.o -c "/home/augustin/Bureau/Depot Automate/Automate/build/CMakeFiles/feature_tests.cxx"
Linking CXX executable cmTC_bec22
/usr/bin/cmake -E cmake_link_script CMakeFiles/cmTC_bec22.dir/link.txt --verbose=1
/usr/bin/c++       -rdynamic CMakeFiles/cmTC_bec22.dir/feature_tests.cxx.o  -o cmTC_bec22 
make[1] : on quitte le répertoire « /home/augustin/Bureau/Depot Automate/Automate/build/CMakeFiles/CMakeTmp »
=======
Change Dir: /afs/deptinfo-st.univ-fcomte.fr/users/abordy2/Bureau/TL/Automate/build/CMakeFiles/CMakeTmp

Run Build Command:"/usr/bin/make" "cmTC_3bf09/fast"
/usr/bin/make -f CMakeFiles/cmTC_3bf09.dir/build.make CMakeFiles/cmTC_3bf09.dir/build
make[1] : on entre dans le répertoire « /afs/deptinfo-st.univ-fcomte.fr/users/abordy2/Bureau/TL/Automate/build/CMakeFiles/CMakeTmp »
Building CXX object CMakeFiles/cmTC_3bf09.dir/feature_tests.cxx.o
/usr/bin/c++     -std=c++11 -o CMakeFiles/cmTC_3bf09.dir/feature_tests.cxx.o -c /afs/deptinfo-st.univ-fcomte.fr/users/abordy2/Bureau/TL/Automate/build/CMakeFiles/feature_tests.cxx
Linking CXX executable cmTC_3bf09
/usr/bin/cmake -E cmake_link_script CMakeFiles/cmTC_3bf09.dir/link.txt --verbose=1
/usr/bin/c++        CMakeFiles/cmTC_3bf09.dir/feature_tests.cxx.o  -o cmTC_3bf09 -rdynamic 
make[1] : on quitte le répertoire « /afs/deptinfo-st.univ-fcomte.fr/users/abordy2/Bureau/TL/Automate/build/CMakeFiles/CMakeTmp »
>>>>>>> 69e3364bf130ed31652e0c692140bba56ae22e13


    Feature record: CXX_FEATURE:0cxx_aggregate_default_initializers
    Feature record: CXX_FEATURE:1cxx_alias_templates
    Feature record: CXX_FEATURE:1cxx_alignas
    Feature record: CXX_FEATURE:1cxx_alignof
    Feature record: CXX_FEATURE:1cxx_attributes
    Feature record: CXX_FEATURE:0cxx_attribute_deprecated
    Feature record: CXX_FEATURE:1cxx_auto_type
    Feature record: CXX_FEATURE:0cxx_binary_literals
    Feature record: CXX_FEATURE:1cxx_constexpr
    Feature record: CXX_FEATURE:0cxx_contextual_conversions
    Feature record: CXX_FEATURE:1cxx_decltype
    Feature record: CXX_FEATURE:0cxx_decltype_auto
    Feature record: CXX_FEATURE:1cxx_decltype_incomplete_return_types
    Feature record: CXX_FEATURE:1cxx_default_function_template_args
    Feature record: CXX_FEATURE:1cxx_defaulted_functions
    Feature record: CXX_FEATURE:1cxx_defaulted_move_initializers
    Feature record: CXX_FEATURE:1cxx_delegating_constructors
    Feature record: CXX_FEATURE:1cxx_deleted_functions
    Feature record: CXX_FEATURE:0cxx_digit_separators
    Feature record: CXX_FEATURE:1cxx_enum_forward_declarations
    Feature record: CXX_FEATURE:1cxx_explicit_conversions
    Feature record: CXX_FEATURE:1cxx_extended_friend_declarations
    Feature record: CXX_FEATURE:1cxx_extern_templates
    Feature record: CXX_FEATURE:1cxx_final
    Feature record: CXX_FEATURE:1cxx_func_identifier
    Feature record: CXX_FEATURE:1cxx_generalized_initializers
    Feature record: CXX_FEATURE:0cxx_generic_lambdas
    Feature record: CXX_FEATURE:1cxx_inheriting_constructors
    Feature record: CXX_FEATURE:1cxx_inline_namespaces
    Feature record: CXX_FEATURE:1cxx_lambdas
    Feature record: CXX_FEATURE:0cxx_lambda_init_captures
    Feature record: CXX_FEATURE:1cxx_local_type_template_args
    Feature record: CXX_FEATURE:1cxx_long_long_type
    Feature record: CXX_FEATURE:1cxx_noexcept
    Feature record: CXX_FEATURE:1cxx_nonstatic_member_init
    Feature record: CXX_FEATURE:1cxx_nullptr
    Feature record: CXX_FEATURE:1cxx_override
    Feature record: CXX_FEATURE:1cxx_range_for
    Feature record: CXX_FEATURE:1cxx_raw_string_literals
    Feature record: CXX_FEATURE:1cxx_reference_qualified_functions
    Feature record: CXX_FEATURE:0cxx_relaxed_constexpr
    Feature record: CXX_FEATURE:0cxx_return_type_deduction
    Feature record: CXX_FEATURE:1cxx_right_angle_brackets
    Feature record: CXX_FEATURE:1cxx_rvalue_references
    Feature record: CXX_FEATURE:1cxx_sizeof_member
    Feature record: CXX_FEATURE:1cxx_static_assert
    Feature record: CXX_FEATURE:1cxx_strong_enums
    Feature record: CXX_FEATURE:1cxx_template_template_parameters
    Feature record: CXX_FEATURE:1cxx_thread_local
    Feature record: CXX_FEATURE:1cxx_trailing_return_types
    Feature record: CXX_FEATURE:1cxx_unicode_literals
    Feature record: CXX_FEATURE:1cxx_uniform_initialization
    Feature record: CXX_FEATURE:1cxx_unrestricted_unions
    Feature record: CXX_FEATURE:1cxx_user_literals
    Feature record: CXX_FEATURE:0cxx_variable_templates
    Feature record: CXX_FEATURE:1cxx_variadic_macros
    Feature record: CXX_FEATURE:1cxx_variadic_templates


Detecting CXX [-std=c++98] compiler features compiled with the following output:
<<<<<<< HEAD
Change Dir: /home/augustin/Bureau/Depot Automate/Automate/build/CMakeFiles/CMakeTmp

Run Build Command:"/usr/bin/make" "cmTC_0a36c/fast"
/usr/bin/make -f CMakeFiles/cmTC_0a36c.dir/build.make CMakeFiles/cmTC_0a36c.dir/build
make[1] : on entre dans le répertoire « /home/augustin/Bureau/Depot Automate/Automate/build/CMakeFiles/CMakeTmp »
Building CXX object CMakeFiles/cmTC_0a36c.dir/feature_tests.cxx.o
/usr/bin/c++    -std=c++98 -o CMakeFiles/cmTC_0a36c.dir/feature_tests.cxx.o -c "/home/augustin/Bureau/Depot Automate/Automate/build/CMakeFiles/feature_tests.cxx"
Linking CXX executable cmTC_0a36c
/usr/bin/cmake -E cmake_link_script CMakeFiles/cmTC_0a36c.dir/link.txt --verbose=1
/usr/bin/c++       -rdynamic CMakeFiles/cmTC_0a36c.dir/feature_tests.cxx.o  -o cmTC_0a36c 
make[1] : on quitte le répertoire « /home/augustin/Bureau/Depot Automate/Automate/build/CMakeFiles/CMakeTmp »
=======
Change Dir: /afs/deptinfo-st.univ-fcomte.fr/users/abordy2/Bureau/TL/Automate/build/CMakeFiles/CMakeTmp

Run Build Command:"/usr/bin/make" "cmTC_11a16/fast"
/usr/bin/make -f CMakeFiles/cmTC_11a16.dir/build.make CMakeFiles/cmTC_11a16.dir/build
make[1] : on entre dans le répertoire « /afs/deptinfo-st.univ-fcomte.fr/users/abordy2/Bureau/TL/Automate/build/CMakeFiles/CMakeTmp »
Building CXX object CMakeFiles/cmTC_11a16.dir/feature_tests.cxx.o
/usr/bin/c++     -std=c++98 -o CMakeFiles/cmTC_11a16.dir/feature_tests.cxx.o -c /afs/deptinfo-st.univ-fcomte.fr/users/abordy2/Bureau/TL/Automate/build/CMakeFiles/feature_tests.cxx
Linking CXX executable cmTC_11a16
/usr/bin/cmake -E cmake_link_script CMakeFiles/cmTC_11a16.dir/link.txt --verbose=1
/usr/bin/c++        CMakeFiles/cmTC_11a16.dir/feature_tests.cxx.o  -o cmTC_11a16 -rdynamic 
make[1] : on quitte le répertoire « /afs/deptinfo-st.univ-fcomte.fr/users/abordy2/Bureau/TL/Automate/build/CMakeFiles/CMakeTmp »
>>>>>>> 69e3364bf130ed31652e0c692140bba56ae22e13


    Feature record: CXX_FEATURE:0cxx_aggregate_default_initializers
    Feature record: CXX_FEATURE:0cxx_alias_templates
    Feature record: CXX_FEATURE:0cxx_alignas
    Feature record: CXX_FEATURE:0cxx_alignof
    Feature record: CXX_FEATURE:0cxx_attributes
    Feature record: CXX_FEATURE:0cxx_attribute_deprecated
    Feature record: CXX_FEATURE:0cxx_auto_type
    Feature record: CXX_FEATURE:0cxx_binary_literals
    Feature record: CXX_FEATURE:0cxx_constexpr
    Feature record: CXX_FEATURE:0cxx_contextual_conversions
    Feature record: CXX_FEATURE:0cxx_decltype
    Feature record: CXX_FEATURE:0cxx_decltype_auto
    Feature record: CXX_FEATURE:0cxx_decltype_incomplete_return_types
    Feature record: CXX_FEATURE:0cxx_default_function_template_args
    Feature record: CXX_FEATURE:0cxx_defaulted_functions
    Feature record: CXX_FEATURE:0cxx_defaulted_move_initializers
    Feature record: CXX_FEATURE:0cxx_delegating_constructors
    Feature record: CXX_FEATURE:0cxx_deleted_functions
    Feature record: CXX_FEATURE:0cxx_digit_separators
    Feature record: CXX_FEATURE:0cxx_enum_forward_declarations
    Feature record: CXX_FEATURE:0cxx_explicit_conversions
    Feature record: CXX_FEATURE:0cxx_extended_friend_declarations
    Feature record: CXX_FEATURE:0cxx_extern_templates
    Feature record: CXX_FEATURE:0cxx_final
    Feature record: CXX_FEATURE:0cxx_func_identifier
    Feature record: CXX_FEATURE:0cxx_generalized_initializers
    Feature record: CXX_FEATURE:0cxx_generic_lambdas
    Feature record: CXX_FEATURE:0cxx_inheriting_constructors
    Feature record: CXX_FEATURE:0cxx_inline_namespaces
    Feature record: CXX_FEATURE:0cxx_lambdas
    Feature record: CXX_FEATURE:0cxx_lambda_init_captures
    Feature record: CXX_FEATURE:0cxx_local_type_template_args
    Feature record: CXX_FEATURE:0cxx_long_long_type
    Feature record: CXX_FEATURE:0cxx_noexcept
    Feature record: CXX_FEATURE:0cxx_nonstatic_member_init
    Feature record: CXX_FEATURE:0cxx_nullptr
    Feature record: CXX_FEATURE:0cxx_override
    Feature record: CXX_FEATURE:0cxx_range_for
    Feature record: CXX_FEATURE:0cxx_raw_string_literals
    Feature record: CXX_FEATURE:0cxx_reference_qualified_functions
    Feature record: CXX_FEATURE:0cxx_relaxed_constexpr
    Feature record: CXX_FEATURE:0cxx_return_type_deduction
    Feature record: CXX_FEATURE:0cxx_right_angle_brackets
    Feature record: CXX_FEATURE:0cxx_rvalue_references
    Feature record: CXX_FEATURE:0cxx_sizeof_member
    Feature record: CXX_FEATURE:0cxx_static_assert
    Feature record: CXX_FEATURE:0cxx_strong_enums
    Feature record: CXX_FEATURE:1cxx_template_template_parameters
    Feature record: CXX_FEATURE:0cxx_thread_local
    Feature record: CXX_FEATURE:0cxx_trailing_return_types
    Feature record: CXX_FEATURE:0cxx_unicode_literals
    Feature record: CXX_FEATURE:0cxx_uniform_initialization
    Feature record: CXX_FEATURE:0cxx_unrestricted_unions
    Feature record: CXX_FEATURE:0cxx_user_literals
    Feature record: CXX_FEATURE:0cxx_variable_templates
    Feature record: CXX_FEATURE:0cxx_variadic_macros
    Feature record: CXX_FEATURE:0cxx_variadic_templates
Determining if the C compiler works passed with the following output:
<<<<<<< HEAD
Change Dir: /home/augustin/Bureau/Depot Automate/Automate/build/CMakeFiles/CMakeTmp

Run Build Command:"/usr/bin/make" "cmTC_1f2d5/fast"
/usr/bin/make -f CMakeFiles/cmTC_1f2d5.dir/build.make CMakeFiles/cmTC_1f2d5.dir/build
make[1] : on entre dans le répertoire « /home/augustin/Bureau/Depot Automate/Automate/build/CMakeFiles/CMakeTmp »
Building C object CMakeFiles/cmTC_1f2d5.dir/testCCompiler.c.o
/usr/bin/cc    -o CMakeFiles/cmTC_1f2d5.dir/testCCompiler.c.o   -c "/home/augustin/Bureau/Depot Automate/Automate/build/CMakeFiles/CMakeTmp/testCCompiler.c"
Linking C executable cmTC_1f2d5
/usr/bin/cmake -E cmake_link_script CMakeFiles/cmTC_1f2d5.dir/link.txt --verbose=1
/usr/bin/cc      -rdynamic CMakeFiles/cmTC_1f2d5.dir/testCCompiler.c.o  -o cmTC_1f2d5 
make[1] : on quitte le répertoire « /home/augustin/Bureau/Depot Automate/Automate/build/CMakeFiles/CMakeTmp »


Detecting C compiler ABI info compiled with the following output:
Change Dir: /home/augustin/Bureau/Depot Automate/Automate/build/CMakeFiles/CMakeTmp

Run Build Command:"/usr/bin/make" "cmTC_e435e/fast"
/usr/bin/make -f CMakeFiles/cmTC_e435e.dir/build.make CMakeFiles/cmTC_e435e.dir/build
make[1] : on entre dans le répertoire « /home/augustin/Bureau/Depot Automate/Automate/build/CMakeFiles/CMakeTmp »
Building C object CMakeFiles/cmTC_e435e.dir/CMakeCCompilerABI.c.o
/usr/bin/cc    -o CMakeFiles/cmTC_e435e.dir/CMakeCCompilerABI.c.o   -c /usr/share/cmake-3.12/Modules/CMakeCCompilerABI.c
Linking C executable cmTC_e435e
/usr/bin/cmake -E cmake_link_script CMakeFiles/cmTC_e435e.dir/link.txt --verbose=1
/usr/bin/cc     -v -rdynamic CMakeFiles/cmTC_e435e.dir/CMakeCCompilerABI.c.o  -o cmTC_e435e 
Using built-in specs.
COLLECT_GCC=/usr/bin/cc
COLLECT_LTO_WRAPPER=/usr/lib/gcc/x86_64-linux-gnu/8/lto-wrapper
OFFLOAD_TARGET_NAMES=nvptx-none
OFFLOAD_TARGET_DEFAULT=1
Target: x86_64-linux-gnu
Configured with: ../src/configure -v --with-pkgversion='Ubuntu 8.2.0-7ubuntu1' --with-bugurl=file:///usr/share/doc/gcc-8/README.Bugs --enable-languages=c,ada,c++,go,brig,d,fortran,objc,obj-c++ --prefix=/usr --with-gcc-major-version-only --program-suffix=-8 --program-prefix=x86_64-linux-gnu- --enable-shared --enable-linker-build-id --libexecdir=/usr/lib --without-included-gettext --enable-threads=posix --libdir=/usr/lib --enable-nls --with-sysroot=/ --enable-clocale=gnu --enable-libstdcxx-debug --enable-libstdcxx-time=yes --with-default-libstdcxx-abi=new --enable-gnu-unique-object --disable-vtable-verify --enable-libmpx --enable-plugin --enable-default-pie --with-system-zlib --with-target-system-zlib --enable-objc-gc=auto --enable-multiarch --disable-werror --with-arch-32=i686 --with-abi=m64 --with-multilib-list=m32,m64,mx32 --enable-multilib --with-tune=generic --enable-offload-targets=nvptx-none --without-cuda-driver --enable-checking=release --build=x86_64-linux-gnu --host=x86_64-linux-gnu --target=x86_64-linux-gnu
Thread model: posix
gcc version 8.2.0 (Ubuntu 8.2.0-7ubuntu1) 
COMPILER_PATH=/usr/lib/gcc/x86_64-linux-gnu/8/:/usr/lib/gcc/x86_64-linux-gnu/8/:/usr/lib/gcc/x86_64-linux-gnu/:/usr/lib/gcc/x86_64-linux-gnu/8/:/usr/lib/gcc/x86_64-linux-gnu/
LIBRARY_PATH=/usr/lib/gcc/x86_64-linux-gnu/8/:/usr/lib/gcc/x86_64-linux-gnu/8/../../../x86_64-linux-gnu/:/usr/lib/gcc/x86_64-linux-gnu/8/../../../../lib/:/lib/x86_64-linux-gnu/:/lib/../lib/:/usr/lib/x86_64-linux-gnu/:/usr/lib/../lib/:/usr/lib/gcc/x86_64-linux-gnu/8/../../../:/lib/:/usr/lib/
COLLECT_GCC_OPTIONS='-v' '-rdynamic' '-o' 'cmTC_e435e' '-mtune=generic' '-march=x86-64'
 /usr/lib/gcc/x86_64-linux-gnu/8/collect2 -plugin /usr/lib/gcc/x86_64-linux-gnu/8/liblto_plugin.so -plugin-opt=/usr/lib/gcc/x86_64-linux-gnu/8/lto-wrapper -plugin-opt=-fresolution=/tmp/ccRCo5Q2.res -plugin-opt=-pass-through=-lgcc -plugin-opt=-pass-through=-lgcc_s -plugin-opt=-pass-through=-lc -plugin-opt=-pass-through=-lgcc -plugin-opt=-pass-through=-lgcc_s --sysroot=/ --build-id --eh-frame-hdr -m elf_x86_64 --hash-style=gnu --as-needed -export-dynamic -dynamic-linker /lib64/ld-linux-x86-64.so.2 -pie -z now -z relro -o cmTC_e435e /usr/lib/gcc/x86_64-linux-gnu/8/../../../x86_64-linux-gnu/Scrt1.o /usr/lib/gcc/x86_64-linux-gnu/8/../../../x86_64-linux-gnu/crti.o /usr/lib/gcc/x86_64-linux-gnu/8/crtbeginS.o -L/usr/lib/gcc/x86_64-linux-gnu/8 -L/usr/lib/gcc/x86_64-linux-gnu/8/../../../x86_64-linux-gnu -L/usr/lib/gcc/x86_64-linux-gnu/8/../../../../lib -L/lib/x86_64-linux-gnu -L/lib/../lib -L/usr/lib/x86_64-linux-gnu -L/usr/lib/../lib -L/usr/lib/gcc/x86_64-linux-gnu/8/../../.. CMakeFiles/cmTC_e435e.dir/CMakeCCompilerABI.c.o -lgcc --push-state --as-needed -lgcc_s --pop-state -lc -lgcc --push-state --as-needed -lgcc_s --pop-state /usr/lib/gcc/x86_64-linux-gnu/8/crtendS.o /usr/lib/gcc/x86_64-linux-gnu/8/../../../x86_64-linux-gnu/crtn.o
COLLECT_GCC_OPTIONS='-v' '-rdynamic' '-o' 'cmTC_e435e' '-mtune=generic' '-march=x86-64'
make[1] : on quitte le répertoire « /home/augustin/Bureau/Depot Automate/Automate/build/CMakeFiles/CMakeTmp »


Parsed C implicit link information from above output:
  link line regex: [^( *|.*[/\])(ld|CMAKE_LINK_STARTFILE-NOTFOUND|([^/\]+-)?ld|collect2)[^/\]*( |$)]
  ignore line: [Change Dir: /home/augustin/Bureau/Depot Automate/Automate/build/CMakeFiles/CMakeTmp]
  ignore line: []
  ignore line: [Run Build Command:"/usr/bin/make" "cmTC_e435e/fast"]
  ignore line: [/usr/bin/make -f CMakeFiles/cmTC_e435e.dir/build.make CMakeFiles/cmTC_e435e.dir/build]
  ignore line: [make[1] : on entre dans le répertoire « /home/augustin/Bureau/Depot Automate/Automate/build/CMakeFiles/CMakeTmp »]
  ignore line: [Building C object CMakeFiles/cmTC_e435e.dir/CMakeCCompilerABI.c.o]
  ignore line: [/usr/bin/cc    -o CMakeFiles/cmTC_e435e.dir/CMakeCCompilerABI.c.o   -c /usr/share/cmake-3.12/Modules/CMakeCCompilerABI.c]
  ignore line: [Linking C executable cmTC_e435e]
  ignore line: [/usr/bin/cmake -E cmake_link_script CMakeFiles/cmTC_e435e.dir/link.txt --verbose=1]
  ignore line: [/usr/bin/cc     -v -rdynamic CMakeFiles/cmTC_e435e.dir/CMakeCCompilerABI.c.o  -o cmTC_e435e ]
  ignore line: [Using built-in specs.]
  ignore line: [COLLECT_GCC=/usr/bin/cc]
  ignore line: [COLLECT_LTO_WRAPPER=/usr/lib/gcc/x86_64-linux-gnu/8/lto-wrapper]
  ignore line: [OFFLOAD_TARGET_NAMES=nvptx-none]
  ignore line: [OFFLOAD_TARGET_DEFAULT=1]
  ignore line: [Target: x86_64-linux-gnu]
  ignore line: [Configured with: ../src/configure -v --with-pkgversion='Ubuntu 8.2.0-7ubuntu1' --with-bugurl=file:///usr/share/doc/gcc-8/README.Bugs --enable-languages=c,ada,c++,go,brig,d,fortran,objc,obj-c++ --prefix=/usr --with-gcc-major-version-only --program-suffix=-8 --program-prefix=x86_64-linux-gnu- --enable-shared --enable-linker-build-id --libexecdir=/usr/lib --without-included-gettext --enable-threads=posix --libdir=/usr/lib --enable-nls --with-sysroot=/ --enable-clocale=gnu --enable-libstdcxx-debug --enable-libstdcxx-time=yes --with-default-libstdcxx-abi=new --enable-gnu-unique-object --disable-vtable-verify --enable-libmpx --enable-plugin --enable-default-pie --with-system-zlib --with-target-system-zlib --enable-objc-gc=auto --enable-multiarch --disable-werror --with-arch-32=i686 --with-abi=m64 --with-multilib-list=m32,m64,mx32 --enable-multilib --with-tune=generic --enable-offload-targets=nvptx-none --without-cuda-driver --enable-checking=release --build=x86_64-linux-gnu --host=x86_64-linux-gnu --target=x86_64-linux-gnu]
  ignore line: [Thread model: posix]
  ignore line: [gcc version 8.2.0 (Ubuntu 8.2.0-7ubuntu1) ]
  ignore line: [COMPILER_PATH=/usr/lib/gcc/x86_64-linux-gnu/8/:/usr/lib/gcc/x86_64-linux-gnu/8/:/usr/lib/gcc/x86_64-linux-gnu/:/usr/lib/gcc/x86_64-linux-gnu/8/:/usr/lib/gcc/x86_64-linux-gnu/]
  ignore line: [LIBRARY_PATH=/usr/lib/gcc/x86_64-linux-gnu/8/:/usr/lib/gcc/x86_64-linux-gnu/8/../../../x86_64-linux-gnu/:/usr/lib/gcc/x86_64-linux-gnu/8/../../../../lib/:/lib/x86_64-linux-gnu/:/lib/../lib/:/usr/lib/x86_64-linux-gnu/:/usr/lib/../lib/:/usr/lib/gcc/x86_64-linux-gnu/8/../../../:/lib/:/usr/lib/]
  ignore line: [COLLECT_GCC_OPTIONS='-v' '-rdynamic' '-o' 'cmTC_e435e' '-mtune=generic' '-march=x86-64']
  link line: [ /usr/lib/gcc/x86_64-linux-gnu/8/collect2 -plugin /usr/lib/gcc/x86_64-linux-gnu/8/liblto_plugin.so -plugin-opt=/usr/lib/gcc/x86_64-linux-gnu/8/lto-wrapper -plugin-opt=-fresolution=/tmp/ccRCo5Q2.res -plugin-opt=-pass-through=-lgcc -plugin-opt=-pass-through=-lgcc_s -plugin-opt=-pass-through=-lc -plugin-opt=-pass-through=-lgcc -plugin-opt=-pass-through=-lgcc_s --sysroot=/ --build-id --eh-frame-hdr -m elf_x86_64 --hash-style=gnu --as-needed -export-dynamic -dynamic-linker /lib64/ld-linux-x86-64.so.2 -pie -z now -z relro -o cmTC_e435e /usr/lib/gcc/x86_64-linux-gnu/8/../../../x86_64-linux-gnu/Scrt1.o /usr/lib/gcc/x86_64-linux-gnu/8/../../../x86_64-linux-gnu/crti.o /usr/lib/gcc/x86_64-linux-gnu/8/crtbeginS.o -L/usr/lib/gcc/x86_64-linux-gnu/8 -L/usr/lib/gcc/x86_64-linux-gnu/8/../../../x86_64-linux-gnu -L/usr/lib/gcc/x86_64-linux-gnu/8/../../../../lib -L/lib/x86_64-linux-gnu -L/lib/../lib -L/usr/lib/x86_64-linux-gnu -L/usr/lib/../lib -L/usr/lib/gcc/x86_64-linux-gnu/8/../../.. CMakeFiles/cmTC_e435e.dir/CMakeCCompilerABI.c.o -lgcc --push-state --as-needed -lgcc_s --pop-state -lc -lgcc --push-state --as-needed -lgcc_s --pop-state /usr/lib/gcc/x86_64-linux-gnu/8/crtendS.o /usr/lib/gcc/x86_64-linux-gnu/8/../../../x86_64-linux-gnu/crtn.o]
    arg [/usr/lib/gcc/x86_64-linux-gnu/8/collect2] ==> ignore
    arg [-plugin] ==> ignore
    arg [/usr/lib/gcc/x86_64-linux-gnu/8/liblto_plugin.so] ==> ignore
    arg [-plugin-opt=/usr/lib/gcc/x86_64-linux-gnu/8/lto-wrapper] ==> ignore
    arg [-plugin-opt=-fresolution=/tmp/ccRCo5Q2.res] ==> ignore
=======
Change Dir: /afs/deptinfo-st.univ-fcomte.fr/users/abordy2/Bureau/TL/Automate/build/CMakeFiles/CMakeTmp

Run Build Command:"/usr/bin/make" "cmTC_935af/fast"
/usr/bin/make -f CMakeFiles/cmTC_935af.dir/build.make CMakeFiles/cmTC_935af.dir/build
make[1] : on entre dans le répertoire « /afs/deptinfo-st.univ-fcomte.fr/users/abordy2/Bureau/TL/Automate/build/CMakeFiles/CMakeTmp »
Building C object CMakeFiles/cmTC_935af.dir/testCCompiler.c.o
/usr/bin/cc     -o CMakeFiles/cmTC_935af.dir/testCCompiler.c.o   -c /afs/deptinfo-st.univ-fcomte.fr/users/abordy2/Bureau/TL/Automate/build/CMakeFiles/CMakeTmp/testCCompiler.c
Linking C executable cmTC_935af
/usr/bin/cmake -E cmake_link_script CMakeFiles/cmTC_935af.dir/link.txt --verbose=1
/usr/bin/cc       CMakeFiles/cmTC_935af.dir/testCCompiler.c.o  -o cmTC_935af -rdynamic 
make[1] : on quitte le répertoire « /afs/deptinfo-st.univ-fcomte.fr/users/abordy2/Bureau/TL/Automate/build/CMakeFiles/CMakeTmp »


Detecting C compiler ABI info compiled with the following output:
Change Dir: /afs/deptinfo-st.univ-fcomte.fr/users/abordy2/Bureau/TL/Automate/build/CMakeFiles/CMakeTmp

Run Build Command:"/usr/bin/make" "cmTC_0a160/fast"
/usr/bin/make -f CMakeFiles/cmTC_0a160.dir/build.make CMakeFiles/cmTC_0a160.dir/build
make[1] : on entre dans le répertoire « /afs/deptinfo-st.univ-fcomte.fr/users/abordy2/Bureau/TL/Automate/build/CMakeFiles/CMakeTmp »
Building C object CMakeFiles/cmTC_0a160.dir/CMakeCCompilerABI.c.o
/usr/bin/cc     -o CMakeFiles/cmTC_0a160.dir/CMakeCCompilerABI.c.o   -c /usr/share/cmake-3.5/Modules/CMakeCCompilerABI.c
Linking C executable cmTC_0a160
/usr/bin/cmake -E cmake_link_script CMakeFiles/cmTC_0a160.dir/link.txt --verbose=1
/usr/bin/cc      -v CMakeFiles/cmTC_0a160.dir/CMakeCCompilerABI.c.o  -o cmTC_0a160 -rdynamic  
Using built-in specs.
COLLECT_GCC=/usr/bin/cc
COLLECT_LTO_WRAPPER=/usr/lib/gcc/x86_64-linux-gnu/5/lto-wrapper
Target: x86_64-linux-gnu
Configured with: ../src/configure -v --with-pkgversion='Ubuntu 5.4.0-6ubuntu1~16.04.10' --with-bugurl=file:///usr/share/doc/gcc-5/README.Bugs --enable-languages=c,ada,c++,java,go,d,fortran,objc,obj-c++ --prefix=/usr --program-suffix=-5 --enable-shared --enable-linker-build-id --libexecdir=/usr/lib --without-included-gettext --enable-threads=posix --libdir=/usr/lib --enable-nls --with-sysroot=/ --enable-clocale=gnu --enable-libstdcxx-debug --enable-libstdcxx-time=yes --with-default-libstdcxx-abi=new --enable-gnu-unique-object --disable-vtable-verify --enable-libmpx --enable-plugin --with-system-zlib --disable-browser-plugin --enable-java-awt=gtk --enable-gtk-cairo --with-java-home=/usr/lib/jvm/java-1.5.0-gcj-5-amd64/jre --enable-java-home --with-jvm-root-dir=/usr/lib/jvm/java-1.5.0-gcj-5-amd64 --with-jvm-jar-dir=/usr/lib/jvm-exports/java-1.5.0-gcj-5-amd64 --with-arch-directory=amd64 --with-ecj-jar=/usr/share/java/eclipse-ecj.jar --enable-objc-gc --enable-multiarch --disable-werror --with-arch-32=i686 --with-abi=m64 --with-multilib-list=m32,m64,mx32 --enable-multilib --with-tune=generic --enable-checking=release --build=x86_64-linux-gnu --host=x86_64-linux-gnu --target=x86_64-linux-gnu
Thread model: posix
gcc version 5.4.0 20160609 (Ubuntu 5.4.0-6ubuntu1~16.04.10) 
COMPILER_PATH=/usr/lib/gcc/x86_64-linux-gnu/5/:/usr/lib/gcc/x86_64-linux-gnu/5/:/usr/lib/gcc/x86_64-linux-gnu/:/usr/lib/gcc/x86_64-linux-gnu/5/:/usr/lib/gcc/x86_64-linux-gnu/
LIBRARY_PATH=/usr/lib/gcc/x86_64-linux-gnu/5/:/usr/lib/gcc/x86_64-linux-gnu/5/../../../x86_64-linux-gnu/:/usr/lib/gcc/x86_64-linux-gnu/5/../../../../lib/:/lib/x86_64-linux-gnu/:/lib/../lib/:/usr/lib/x86_64-linux-gnu/:/usr/lib/../lib/:/usr/lib/gcc/x86_64-linux-gnu/5/../../../:/lib/:/usr/lib/
COLLECT_GCC_OPTIONS='-v' '-o' 'cmTC_0a160' '-rdynamic' '-mtune=generic' '-march=x86-64'
 /usr/lib/gcc/x86_64-linux-gnu/5/collect2 -plugin /usr/lib/gcc/x86_64-linux-gnu/5/liblto_plugin.so -plugin-opt=/usr/lib/gcc/x86_64-linux-gnu/5/lto-wrapper -plugin-opt=-fresolution=/tmp/cc2mfAnk.res -plugin-opt=-pass-through=-lgcc -plugin-opt=-pass-through=-lgcc_s -plugin-opt=-pass-through=-lc -plugin-opt=-pass-through=-lgcc -plugin-opt=-pass-through=-lgcc_s --sysroot=/ --build-id --eh-frame-hdr -m elf_x86_64 --hash-style=gnu --as-needed -export-dynamic -dynamic-linker /lib64/ld-linux-x86-64.so.2 -z relro -o cmTC_0a160 /usr/lib/gcc/x86_64-linux-gnu/5/../../../x86_64-linux-gnu/crt1.o /usr/lib/gcc/x86_64-linux-gnu/5/../../../x86_64-linux-gnu/crti.o /usr/lib/gcc/x86_64-linux-gnu/5/crtbegin.o -L/usr/lib/gcc/x86_64-linux-gnu/5 -L/usr/lib/gcc/x86_64-linux-gnu/5/../../../x86_64-linux-gnu -L/usr/lib/gcc/x86_64-linux-gnu/5/../../../../lib -L/lib/x86_64-linux-gnu -L/lib/../lib -L/usr/lib/x86_64-linux-gnu -L/usr/lib/../lib -L/usr/lib/gcc/x86_64-linux-gnu/5/../../.. CMakeFiles/cmTC_0a160.dir/CMakeCCompilerABI.c.o -lgcc --as-needed -lgcc_s --no-as-needed -lc -lgcc --as-needed -lgcc_s --no-as-needed /usr/lib/gcc/x86_64-linux-gnu/5/crtend.o /usr/lib/gcc/x86_64-linux-gnu/5/../../../x86_64-linux-gnu/crtn.o
make[1] : on quitte le répertoire « /afs/deptinfo-st.univ-fcomte.fr/users/abordy2/Bureau/TL/Automate/build/CMakeFiles/CMakeTmp »


Parsed C implicit link information from above output:
  link line regex: [^( *|.*[/\])(ld|([^/\]+-)?ld|collect2)[^/\]*( |$)]
  ignore line: [Change Dir: /afs/deptinfo-st.univ-fcomte.fr/users/abordy2/Bureau/TL/Automate/build/CMakeFiles/CMakeTmp]
  ignore line: []
  ignore line: [Run Build Command:"/usr/bin/make" "cmTC_0a160/fast"]
  ignore line: [/usr/bin/make -f CMakeFiles/cmTC_0a160.dir/build.make CMakeFiles/cmTC_0a160.dir/build]
  ignore line: [make[1] : on entre dans le répertoire « /afs/deptinfo-st.univ-fcomte.fr/users/abordy2/Bureau/TL/Automate/build/CMakeFiles/CMakeTmp »]
  ignore line: [Building C object CMakeFiles/cmTC_0a160.dir/CMakeCCompilerABI.c.o]
  ignore line: [/usr/bin/cc     -o CMakeFiles/cmTC_0a160.dir/CMakeCCompilerABI.c.o   -c /usr/share/cmake-3.5/Modules/CMakeCCompilerABI.c]
  ignore line: [Linking C executable cmTC_0a160]
  ignore line: [/usr/bin/cmake -E cmake_link_script CMakeFiles/cmTC_0a160.dir/link.txt --verbose=1]
  ignore line: [/usr/bin/cc      -v CMakeFiles/cmTC_0a160.dir/CMakeCCompilerABI.c.o  -o cmTC_0a160 -rdynamic  ]
  ignore line: [Using built-in specs.]
  ignore line: [COLLECT_GCC=/usr/bin/cc]
  ignore line: [COLLECT_LTO_WRAPPER=/usr/lib/gcc/x86_64-linux-gnu/5/lto-wrapper]
  ignore line: [Target: x86_64-linux-gnu]
  ignore line: [Configured with: ../src/configure -v --with-pkgversion='Ubuntu 5.4.0-6ubuntu1~16.04.10' --with-bugurl=file:///usr/share/doc/gcc-5/README.Bugs --enable-languages=c,ada,c++,java,go,d,fortran,objc,obj-c++ --prefix=/usr --program-suffix=-5 --enable-shared --enable-linker-build-id --libexecdir=/usr/lib --without-included-gettext --enable-threads=posix --libdir=/usr/lib --enable-nls --with-sysroot=/ --enable-clocale=gnu --enable-libstdcxx-debug --enable-libstdcxx-time=yes --with-default-libstdcxx-abi=new --enable-gnu-unique-object --disable-vtable-verify --enable-libmpx --enable-plugin --with-system-zlib --disable-browser-plugin --enable-java-awt=gtk --enable-gtk-cairo --with-java-home=/usr/lib/jvm/java-1.5.0-gcj-5-amd64/jre --enable-java-home --with-jvm-root-dir=/usr/lib/jvm/java-1.5.0-gcj-5-amd64 --with-jvm-jar-dir=/usr/lib/jvm-exports/java-1.5.0-gcj-5-amd64 --with-arch-directory=amd64 --with-ecj-jar=/usr/share/java/eclipse-ecj.jar --enable-objc-gc --enable-multiarch --disable-werror --with-arch-32=i686 --with-abi=m64 --with-multilib-list=m32,m64,mx32 --enable-multilib --with-tune=generic --enable-checking=release --build=x86_64-linux-gnu --host=x86_64-linux-gnu --target=x86_64-linux-gnu]
  ignore line: [Thread model: posix]
  ignore line: [gcc version 5.4.0 20160609 (Ubuntu 5.4.0-6ubuntu1~16.04.10) ]
  ignore line: [COMPILER_PATH=/usr/lib/gcc/x86_64-linux-gnu/5/:/usr/lib/gcc/x86_64-linux-gnu/5/:/usr/lib/gcc/x86_64-linux-gnu/:/usr/lib/gcc/x86_64-linux-gnu/5/:/usr/lib/gcc/x86_64-linux-gnu/]
  ignore line: [LIBRARY_PATH=/usr/lib/gcc/x86_64-linux-gnu/5/:/usr/lib/gcc/x86_64-linux-gnu/5/../../../x86_64-linux-gnu/:/usr/lib/gcc/x86_64-linux-gnu/5/../../../../lib/:/lib/x86_64-linux-gnu/:/lib/../lib/:/usr/lib/x86_64-linux-gnu/:/usr/lib/../lib/:/usr/lib/gcc/x86_64-linux-gnu/5/../../../:/lib/:/usr/lib/]
  ignore line: [COLLECT_GCC_OPTIONS='-v' '-o' 'cmTC_0a160' '-rdynamic' '-mtune=generic' '-march=x86-64']
  link line: [ /usr/lib/gcc/x86_64-linux-gnu/5/collect2 -plugin /usr/lib/gcc/x86_64-linux-gnu/5/liblto_plugin.so -plugin-opt=/usr/lib/gcc/x86_64-linux-gnu/5/lto-wrapper -plugin-opt=-fresolution=/tmp/cc2mfAnk.res -plugin-opt=-pass-through=-lgcc -plugin-opt=-pass-through=-lgcc_s -plugin-opt=-pass-through=-lc -plugin-opt=-pass-through=-lgcc -plugin-opt=-pass-through=-lgcc_s --sysroot=/ --build-id --eh-frame-hdr -m elf_x86_64 --hash-style=gnu --as-needed -export-dynamic -dynamic-linker /lib64/ld-linux-x86-64.so.2 -z relro -o cmTC_0a160 /usr/lib/gcc/x86_64-linux-gnu/5/../../../x86_64-linux-gnu/crt1.o /usr/lib/gcc/x86_64-linux-gnu/5/../../../x86_64-linux-gnu/crti.o /usr/lib/gcc/x86_64-linux-gnu/5/crtbegin.o -L/usr/lib/gcc/x86_64-linux-gnu/5 -L/usr/lib/gcc/x86_64-linux-gnu/5/../../../x86_64-linux-gnu -L/usr/lib/gcc/x86_64-linux-gnu/5/../../../../lib -L/lib/x86_64-linux-gnu -L/lib/../lib -L/usr/lib/x86_64-linux-gnu -L/usr/lib/../lib -L/usr/lib/gcc/x86_64-linux-gnu/5/../../.. CMakeFiles/cmTC_0a160.dir/CMakeCCompilerABI.c.o -lgcc --as-needed -lgcc_s --no-as-needed -lc -lgcc --as-needed -lgcc_s --no-as-needed /usr/lib/gcc/x86_64-linux-gnu/5/crtend.o /usr/lib/gcc/x86_64-linux-gnu/5/../../../x86_64-linux-gnu/crtn.o]
    arg [/usr/lib/gcc/x86_64-linux-gnu/5/collect2] ==> ignore
    arg [-plugin] ==> ignore
    arg [/usr/lib/gcc/x86_64-linux-gnu/5/liblto_plugin.so] ==> ignore
    arg [-plugin-opt=/usr/lib/gcc/x86_64-linux-gnu/5/lto-wrapper] ==> ignore
    arg [-plugin-opt=-fresolution=/tmp/cc2mfAnk.res] ==> ignore
>>>>>>> 69e3364bf130ed31652e0c692140bba56ae22e13
    arg [-plugin-opt=-pass-through=-lgcc] ==> ignore
    arg [-plugin-opt=-pass-through=-lgcc_s] ==> ignore
    arg [-plugin-opt=-pass-through=-lc] ==> ignore
    arg [-plugin-opt=-pass-through=-lgcc] ==> ignore
    arg [-plugin-opt=-pass-through=-lgcc_s] ==> ignore
    arg [--sysroot=/] ==> ignore
    arg [--build-id] ==> ignore
    arg [--eh-frame-hdr] ==> ignore
    arg [-m] ==> ignore
    arg [elf_x86_64] ==> ignore
    arg [--hash-style=gnu] ==> ignore
    arg [--as-needed] ==> ignore
    arg [-export-dynamic] ==> ignore
    arg [-dynamic-linker] ==> ignore
    arg [/lib64/ld-linux-x86-64.so.2] ==> ignore
<<<<<<< HEAD
    arg [-pie] ==> ignore
    arg [-znow] ==> ignore
    arg [-zrelro] ==> ignore
    arg [-o] ==> ignore
    arg [cmTC_e435e] ==> ignore
    arg [/usr/lib/gcc/x86_64-linux-gnu/8/../../../x86_64-linux-gnu/Scrt1.o] ==> ignore
    arg [/usr/lib/gcc/x86_64-linux-gnu/8/../../../x86_64-linux-gnu/crti.o] ==> ignore
    arg [/usr/lib/gcc/x86_64-linux-gnu/8/crtbeginS.o] ==> ignore
    arg [-L/usr/lib/gcc/x86_64-linux-gnu/8] ==> dir [/usr/lib/gcc/x86_64-linux-gnu/8]
    arg [-L/usr/lib/gcc/x86_64-linux-gnu/8/../../../x86_64-linux-gnu] ==> dir [/usr/lib/gcc/x86_64-linux-gnu/8/../../../x86_64-linux-gnu]
    arg [-L/usr/lib/gcc/x86_64-linux-gnu/8/../../../../lib] ==> dir [/usr/lib/gcc/x86_64-linux-gnu/8/../../../../lib]
=======
    arg [-zrelro] ==> ignore
    arg [-o] ==> ignore
    arg [cmTC_0a160] ==> ignore
    arg [/usr/lib/gcc/x86_64-linux-gnu/5/../../../x86_64-linux-gnu/crt1.o] ==> ignore
    arg [/usr/lib/gcc/x86_64-linux-gnu/5/../../../x86_64-linux-gnu/crti.o] ==> ignore
    arg [/usr/lib/gcc/x86_64-linux-gnu/5/crtbegin.o] ==> ignore
    arg [-L/usr/lib/gcc/x86_64-linux-gnu/5] ==> dir [/usr/lib/gcc/x86_64-linux-gnu/5]
    arg [-L/usr/lib/gcc/x86_64-linux-gnu/5/../../../x86_64-linux-gnu] ==> dir [/usr/lib/gcc/x86_64-linux-gnu/5/../../../x86_64-linux-gnu]
    arg [-L/usr/lib/gcc/x86_64-linux-gnu/5/../../../../lib] ==> dir [/usr/lib/gcc/x86_64-linux-gnu/5/../../../../lib]
>>>>>>> 69e3364bf130ed31652e0c692140bba56ae22e13
    arg [-L/lib/x86_64-linux-gnu] ==> dir [/lib/x86_64-linux-gnu]
    arg [-L/lib/../lib] ==> dir [/lib/../lib]
    arg [-L/usr/lib/x86_64-linux-gnu] ==> dir [/usr/lib/x86_64-linux-gnu]
    arg [-L/usr/lib/../lib] ==> dir [/usr/lib/../lib]
<<<<<<< HEAD
    arg [-L/usr/lib/gcc/x86_64-linux-gnu/8/../../..] ==> dir [/usr/lib/gcc/x86_64-linux-gnu/8/../../..]
    arg [CMakeFiles/cmTC_e435e.dir/CMakeCCompilerABI.c.o] ==> ignore
    arg [-lgcc] ==> lib [gcc]
    arg [--push-state] ==> ignore
    arg [--as-needed] ==> ignore
    arg [-lgcc_s] ==> lib [gcc_s]
    arg [--pop-state] ==> ignore
    arg [-lc] ==> lib [c]
    arg [-lgcc] ==> lib [gcc]
    arg [--push-state] ==> ignore
    arg [--as-needed] ==> ignore
    arg [-lgcc_s] ==> lib [gcc_s]
    arg [--pop-state] ==> ignore
    arg [/usr/lib/gcc/x86_64-linux-gnu/8/crtendS.o] ==> ignore
    arg [/usr/lib/gcc/x86_64-linux-gnu/8/../../../x86_64-linux-gnu/crtn.o] ==> ignore
  collapse library dir [/usr/lib/gcc/x86_64-linux-gnu/8] ==> [/usr/lib/gcc/x86_64-linux-gnu/8]
  collapse library dir [/usr/lib/gcc/x86_64-linux-gnu/8/../../../x86_64-linux-gnu] ==> [/usr/lib/x86_64-linux-gnu]
  collapse library dir [/usr/lib/gcc/x86_64-linux-gnu/8/../../../../lib] ==> [/usr/lib]
=======
    arg [-L/usr/lib/gcc/x86_64-linux-gnu/5/../../..] ==> dir [/usr/lib/gcc/x86_64-linux-gnu/5/../../..]
    arg [CMakeFiles/cmTC_0a160.dir/CMakeCCompilerABI.c.o] ==> ignore
    arg [-lgcc] ==> lib [gcc]
    arg [--as-needed] ==> ignore
    arg [-lgcc_s] ==> lib [gcc_s]
    arg [--no-as-needed] ==> ignore
    arg [-lc] ==> lib [c]
    arg [-lgcc] ==> lib [gcc]
    arg [--as-needed] ==> ignore
    arg [-lgcc_s] ==> lib [gcc_s]
    arg [--no-as-needed] ==> ignore
    arg [/usr/lib/gcc/x86_64-linux-gnu/5/crtend.o] ==> ignore
    arg [/usr/lib/gcc/x86_64-linux-gnu/5/../../../x86_64-linux-gnu/crtn.o] ==> ignore
  remove lib [gcc]
  remove lib [gcc_s]
  remove lib [gcc]
  remove lib [gcc_s]
  collapse library dir [/usr/lib/gcc/x86_64-linux-gnu/5] ==> [/usr/lib/gcc/x86_64-linux-gnu/5]
  collapse library dir [/usr/lib/gcc/x86_64-linux-gnu/5/../../../x86_64-linux-gnu] ==> [/usr/lib/x86_64-linux-gnu]
  collapse library dir [/usr/lib/gcc/x86_64-linux-gnu/5/../../../../lib] ==> [/usr/lib]
>>>>>>> 69e3364bf130ed31652e0c692140bba56ae22e13
  collapse library dir [/lib/x86_64-linux-gnu] ==> [/lib/x86_64-linux-gnu]
  collapse library dir [/lib/../lib] ==> [/lib]
  collapse library dir [/usr/lib/x86_64-linux-gnu] ==> [/usr/lib/x86_64-linux-gnu]
  collapse library dir [/usr/lib/../lib] ==> [/usr/lib]
<<<<<<< HEAD
  collapse library dir [/usr/lib/gcc/x86_64-linux-gnu/8/../../..] ==> [/usr/lib]
  implicit libs: [gcc;gcc_s;c;gcc;gcc_s]
  implicit dirs: [/usr/lib/gcc/x86_64-linux-gnu/8;/usr/lib/x86_64-linux-gnu;/usr/lib;/lib/x86_64-linux-gnu;/lib]
=======
  collapse library dir [/usr/lib/gcc/x86_64-linux-gnu/5/../../..] ==> [/usr/lib]
  implicit libs: [c]
  implicit dirs: [/usr/lib/gcc/x86_64-linux-gnu/5;/usr/lib/x86_64-linux-gnu;/usr/lib;/lib/x86_64-linux-gnu;/lib]
>>>>>>> 69e3364bf130ed31652e0c692140bba56ae22e13
  implicit fwks: []




Detecting C [-std=c11] compiler features compiled with the following output:
<<<<<<< HEAD
Change Dir: /home/augustin/Bureau/Depot Automate/Automate/build/CMakeFiles/CMakeTmp

Run Build Command:"/usr/bin/make" "cmTC_4a82f/fast"
/usr/bin/make -f CMakeFiles/cmTC_4a82f.dir/build.make CMakeFiles/cmTC_4a82f.dir/build
make[1] : on entre dans le répertoire « /home/augustin/Bureau/Depot Automate/Automate/build/CMakeFiles/CMakeTmp »
Building C object CMakeFiles/cmTC_4a82f.dir/feature_tests.c.o
/usr/bin/cc   -std=c11 -o CMakeFiles/cmTC_4a82f.dir/feature_tests.c.o   -c "/home/augustin/Bureau/Depot Automate/Automate/build/CMakeFiles/feature_tests.c"
Linking C executable cmTC_4a82f
/usr/bin/cmake -E cmake_link_script CMakeFiles/cmTC_4a82f.dir/link.txt --verbose=1
/usr/bin/cc      -rdynamic CMakeFiles/cmTC_4a82f.dir/feature_tests.c.o  -o cmTC_4a82f 
make[1] : on quitte le répertoire « /home/augustin/Bureau/Depot Automate/Automate/build/CMakeFiles/CMakeTmp »
=======
Change Dir: /afs/deptinfo-st.univ-fcomte.fr/users/abordy2/Bureau/TL/Automate/build/CMakeFiles/CMakeTmp

Run Build Command:"/usr/bin/make" "cmTC_f2ec8/fast"
/usr/bin/make -f CMakeFiles/cmTC_f2ec8.dir/build.make CMakeFiles/cmTC_f2ec8.dir/build
make[1] : on entre dans le répertoire « /afs/deptinfo-st.univ-fcomte.fr/users/abordy2/Bureau/TL/Automate/build/CMakeFiles/CMakeTmp »
Building C object CMakeFiles/cmTC_f2ec8.dir/feature_tests.c.o
/usr/bin/cc    -std=c11 -o CMakeFiles/cmTC_f2ec8.dir/feature_tests.c.o   -c /afs/deptinfo-st.univ-fcomte.fr/users/abordy2/Bureau/TL/Automate/build/CMakeFiles/feature_tests.c
Linking C executable cmTC_f2ec8
/usr/bin/cmake -E cmake_link_script CMakeFiles/cmTC_f2ec8.dir/link.txt --verbose=1
/usr/bin/cc       CMakeFiles/cmTC_f2ec8.dir/feature_tests.c.o  -o cmTC_f2ec8 -rdynamic 
make[1] : on quitte le répertoire « /afs/deptinfo-st.univ-fcomte.fr/users/abordy2/Bureau/TL/Automate/build/CMakeFiles/CMakeTmp »
>>>>>>> 69e3364bf130ed31652e0c692140bba56ae22e13


    Feature record: C_FEATURE:1c_function_prototypes
    Feature record: C_FEATURE:1c_restrict
    Feature record: C_FEATURE:1c_static_assert
    Feature record: C_FEATURE:1c_variadic_macros


Detecting C [-std=c99] compiler features compiled with the following output:
<<<<<<< HEAD
Change Dir: /home/augustin/Bureau/Depot Automate/Automate/build/CMakeFiles/CMakeTmp

Run Build Command:"/usr/bin/make" "cmTC_02993/fast"
/usr/bin/make -f CMakeFiles/cmTC_02993.dir/build.make CMakeFiles/cmTC_02993.dir/build
make[1] : on entre dans le répertoire « /home/augustin/Bureau/Depot Automate/Automate/build/CMakeFiles/CMakeTmp »
Building C object CMakeFiles/cmTC_02993.dir/feature_tests.c.o
/usr/bin/cc   -std=c99 -o CMakeFiles/cmTC_02993.dir/feature_tests.c.o   -c "/home/augustin/Bureau/Depot Automate/Automate/build/CMakeFiles/feature_tests.c"
Linking C executable cmTC_02993
/usr/bin/cmake -E cmake_link_script CMakeFiles/cmTC_02993.dir/link.txt --verbose=1
/usr/bin/cc      -rdynamic CMakeFiles/cmTC_02993.dir/feature_tests.c.o  -o cmTC_02993 
make[1] : on quitte le répertoire « /home/augustin/Bureau/Depot Automate/Automate/build/CMakeFiles/CMakeTmp »
=======
Change Dir: /afs/deptinfo-st.univ-fcomte.fr/users/abordy2/Bureau/TL/Automate/build/CMakeFiles/CMakeTmp

Run Build Command:"/usr/bin/make" "cmTC_6d47b/fast"
/usr/bin/make -f CMakeFiles/cmTC_6d47b.dir/build.make CMakeFiles/cmTC_6d47b.dir/build
make[1] : on entre dans le répertoire « /afs/deptinfo-st.univ-fcomte.fr/users/abordy2/Bureau/TL/Automate/build/CMakeFiles/CMakeTmp »
Building C object CMakeFiles/cmTC_6d47b.dir/feature_tests.c.o
/usr/bin/cc    -std=c99 -o CMakeFiles/cmTC_6d47b.dir/feature_tests.c.o   -c /afs/deptinfo-st.univ-fcomte.fr/users/abordy2/Bureau/TL/Automate/build/CMakeFiles/feature_tests.c
Linking C executable cmTC_6d47b
/usr/bin/cmake -E cmake_link_script CMakeFiles/cmTC_6d47b.dir/link.txt --verbose=1
/usr/bin/cc       CMakeFiles/cmTC_6d47b.dir/feature_tests.c.o  -o cmTC_6d47b -rdynamic 
make[1] : on quitte le répertoire « /afs/deptinfo-st.univ-fcomte.fr/users/abordy2/Bureau/TL/Automate/build/CMakeFiles/CMakeTmp »
>>>>>>> 69e3364bf130ed31652e0c692140bba56ae22e13


    Feature record: C_FEATURE:1c_function_prototypes
    Feature record: C_FEATURE:1c_restrict
    Feature record: C_FEATURE:0c_static_assert
    Feature record: C_FEATURE:1c_variadic_macros


Detecting C [-std=c90] compiler features compiled with the following output:
<<<<<<< HEAD
Change Dir: /home/augustin/Bureau/Depot Automate/Automate/build/CMakeFiles/CMakeTmp

Run Build Command:"/usr/bin/make" "cmTC_966ea/fast"
/usr/bin/make -f CMakeFiles/cmTC_966ea.dir/build.make CMakeFiles/cmTC_966ea.dir/build
make[1] : on entre dans le répertoire « /home/augustin/Bureau/Depot Automate/Automate/build/CMakeFiles/CMakeTmp »
Building C object CMakeFiles/cmTC_966ea.dir/feature_tests.c.o
/usr/bin/cc   -std=c90 -o CMakeFiles/cmTC_966ea.dir/feature_tests.c.o   -c "/home/augustin/Bureau/Depot Automate/Automate/build/CMakeFiles/feature_tests.c"
Linking C executable cmTC_966ea
/usr/bin/cmake -E cmake_link_script CMakeFiles/cmTC_966ea.dir/link.txt --verbose=1
/usr/bin/cc      -rdynamic CMakeFiles/cmTC_966ea.dir/feature_tests.c.o  -o cmTC_966ea 
make[1] : on quitte le répertoire « /home/augustin/Bureau/Depot Automate/Automate/build/CMakeFiles/CMakeTmp »
=======
Change Dir: /afs/deptinfo-st.univ-fcomte.fr/users/abordy2/Bureau/TL/Automate/build/CMakeFiles/CMakeTmp

Run Build Command:"/usr/bin/make" "cmTC_493a4/fast"
/usr/bin/make -f CMakeFiles/cmTC_493a4.dir/build.make CMakeFiles/cmTC_493a4.dir/build
make[1] : on entre dans le répertoire « /afs/deptinfo-st.univ-fcomte.fr/users/abordy2/Bureau/TL/Automate/build/CMakeFiles/CMakeTmp »
Building C object CMakeFiles/cmTC_493a4.dir/feature_tests.c.o
/usr/bin/cc    -std=c90 -o CMakeFiles/cmTC_493a4.dir/feature_tests.c.o   -c /afs/deptinfo-st.univ-fcomte.fr/users/abordy2/Bureau/TL/Automate/build/CMakeFiles/feature_tests.c
Linking C executable cmTC_493a4
/usr/bin/cmake -E cmake_link_script CMakeFiles/cmTC_493a4.dir/link.txt --verbose=1
/usr/bin/cc       CMakeFiles/cmTC_493a4.dir/feature_tests.c.o  -o cmTC_493a4 -rdynamic 
make[1] : on quitte le répertoire « /afs/deptinfo-st.univ-fcomte.fr/users/abordy2/Bureau/TL/Automate/build/CMakeFiles/CMakeTmp »
>>>>>>> 69e3364bf130ed31652e0c692140bba56ae22e13


    Feature record: C_FEATURE:1c_function_prototypes
    Feature record: C_FEATURE:0c_restrict
    Feature record: C_FEATURE:0c_static_assert
    Feature record: C_FEATURE:0c_variadic_macros
Determining if the include file pthread.h exists passed with the following output:
<<<<<<< HEAD
Change Dir: /home/augustin/Bureau/Depot Automate/Automate/build/CMakeFiles/CMakeTmp

Run Build Command:"/usr/bin/make" "cmTC_8e8fe/fast"
/usr/bin/make -f CMakeFiles/cmTC_8e8fe.dir/build.make CMakeFiles/cmTC_8e8fe.dir/build
make[1] : on entre dans le répertoire « /home/augustin/Bureau/Depot Automate/Automate/build/CMakeFiles/CMakeTmp »
Building C object CMakeFiles/cmTC_8e8fe.dir/CheckIncludeFile.c.o
/usr/bin/cc    -o CMakeFiles/cmTC_8e8fe.dir/CheckIncludeFile.c.o   -c "/home/augustin/Bureau/Depot Automate/Automate/build/CMakeFiles/CMakeTmp/CheckIncludeFile.c"
Linking C executable cmTC_8e8fe
/usr/bin/cmake -E cmake_link_script CMakeFiles/cmTC_8e8fe.dir/link.txt --verbose=1
/usr/bin/cc      -rdynamic CMakeFiles/cmTC_8e8fe.dir/CheckIncludeFile.c.o  -o cmTC_8e8fe 
make[1] : on quitte le répertoire « /home/augustin/Bureau/Depot Automate/Automate/build/CMakeFiles/CMakeTmp »


Determining if the function pthread_create exists in the pthread passed with the following output:
Change Dir: /home/augustin/Bureau/Depot Automate/Automate/build/CMakeFiles/CMakeTmp

Run Build Command:"/usr/bin/make" "cmTC_ab6b3/fast"
/usr/bin/make -f CMakeFiles/cmTC_ab6b3.dir/build.make CMakeFiles/cmTC_ab6b3.dir/build
make[1] : on entre dans le répertoire « /home/augustin/Bureau/Depot Automate/Automate/build/CMakeFiles/CMakeTmp »
Building C object CMakeFiles/cmTC_ab6b3.dir/CheckFunctionExists.c.o
/usr/bin/cc   -DCHECK_FUNCTION_EXISTS=pthread_create   -o CMakeFiles/cmTC_ab6b3.dir/CheckFunctionExists.c.o   -c /usr/share/cmake-3.12/Modules/CheckFunctionExists.c
Linking C executable cmTC_ab6b3
/usr/bin/cmake -E cmake_link_script CMakeFiles/cmTC_ab6b3.dir/link.txt --verbose=1
/usr/bin/cc  -DCHECK_FUNCTION_EXISTS=pthread_create    -rdynamic CMakeFiles/cmTC_ab6b3.dir/CheckFunctionExists.c.o  -o cmTC_ab6b3 -lpthread 
make[1] : on quitte le répertoire « /home/augustin/Bureau/Depot Automate/Automate/build/CMakeFiles/CMakeTmp »
=======
Change Dir: /afs/deptinfo-st.univ-fcomte.fr/users/abordy2/Bureau/TL/Automate/build/CMakeFiles/CMakeTmp

Run Build Command:"/usr/bin/make" "cmTC_54dd4/fast"
/usr/bin/make -f CMakeFiles/cmTC_54dd4.dir/build.make CMakeFiles/cmTC_54dd4.dir/build
make[1] : on entre dans le répertoire « /afs/deptinfo-st.univ-fcomte.fr/users/abordy2/Bureau/TL/Automate/build/CMakeFiles/CMakeTmp »
Building C object CMakeFiles/cmTC_54dd4.dir/CheckIncludeFile.c.o
/usr/bin/cc     -o CMakeFiles/cmTC_54dd4.dir/CheckIncludeFile.c.o   -c /afs/deptinfo-st.univ-fcomte.fr/users/abordy2/Bureau/TL/Automate/build/CMakeFiles/CMakeTmp/CheckIncludeFile.c
Linking C executable cmTC_54dd4
/usr/bin/cmake -E cmake_link_script CMakeFiles/cmTC_54dd4.dir/link.txt --verbose=1
/usr/bin/cc       CMakeFiles/cmTC_54dd4.dir/CheckIncludeFile.c.o  -o cmTC_54dd4 -rdynamic 
make[1] : on quitte le répertoire « /afs/deptinfo-st.univ-fcomte.fr/users/abordy2/Bureau/TL/Automate/build/CMakeFiles/CMakeTmp »


Determining if the function pthread_create exists in the pthread passed with the following output:
Change Dir: /afs/deptinfo-st.univ-fcomte.fr/users/abordy2/Bureau/TL/Automate/build/CMakeFiles/CMakeTmp

Run Build Command:"/usr/bin/make" "cmTC_846f8/fast"
/usr/bin/make -f CMakeFiles/cmTC_846f8.dir/build.make CMakeFiles/cmTC_846f8.dir/build
make[1] : on entre dans le répertoire « /afs/deptinfo-st.univ-fcomte.fr/users/abordy2/Bureau/TL/Automate/build/CMakeFiles/CMakeTmp »
Building C object CMakeFiles/cmTC_846f8.dir/CheckFunctionExists.c.o
/usr/bin/cc    -DCHECK_FUNCTION_EXISTS=pthread_create   -o CMakeFiles/cmTC_846f8.dir/CheckFunctionExists.c.o   -c /usr/share/cmake-3.5/Modules/CheckFunctionExists.c
Linking C executable cmTC_846f8
/usr/bin/cmake -E cmake_link_script CMakeFiles/cmTC_846f8.dir/link.txt --verbose=1
/usr/bin/cc   -DCHECK_FUNCTION_EXISTS=pthread_create    CMakeFiles/cmTC_846f8.dir/CheckFunctionExists.c.o  -o cmTC_846f8 -rdynamic -lpthread 
make[1] : on quitte le répertoire « /afs/deptinfo-st.univ-fcomte.fr/users/abordy2/Bureau/TL/Automate/build/CMakeFiles/CMakeTmp »
>>>>>>> 69e3364bf130ed31652e0c692140bba56ae22e13


